{"/home/travis/build/npmtest/node-npmtest-ace-code-editor/test.js":{"path":"/home/travis/build/npmtest/node-npmtest-ace-code-editor/test.js","s":{"1":2,"2":2,"3":2,"4":2,"5":2,"6":2,"7":2,"8":1,"9":2,"10":2,"11":1,"12":1,"13":1,"14":1,"15":2,"16":2,"17":2,"18":2,"19":1,"20":1,"21":2,"22":2,"23":2,"24":1,"25":1,"26":1,"27":1,"28":1,"29":1,"30":1,"31":1,"32":1,"33":1,"34":1,"35":1,"36":1,"37":1,"38":1,"39":2,"40":2,"41":1,"42":2,"43":2,"44":1,"45":2,"46":2,"47":1,"48":2,"49":2,"50":1,"51":1,"52":1,"53":1,"54":1},"b":{"1":[2,1,1,1],"2":[1,1,1,1],"3":[1,1],"4":[1,1],"5":[1,1],"6":[1,1],"7":[1,1],"8":[1,1],"9":[1,1],"10":[1,1,1],"11":[1,1],"12":[1,1],"13":[1,1],"14":[1,1],"15":[1,1],"16":[1,1],"17":[1,1]},"f":{"1":2,"2":2,"3":2,"4":2,"5":2,"6":1,"7":1,"8":1,"9":2,"10":2,"11":2,"12":2,"13":1},"fnMap":{"1":{"name":"(anonymous_1)","line":12,"loc":{"start":{"line":12,"column":1},"end":{"line":12,"column":13}}},"2":{"name":"(anonymous_2)","line":19,"loc":{"start":{"line":19,"column":5},"end":{"line":19,"column":17}}},"3":{"name":"(anonymous_3)","line":23,"loc":{"start":{"line":23,"column":24},"end":{"line":23,"column":36}}},"4":{"name":"(anonymous_4)","line":61,"loc":{"start":{"line":61,"column":5},"end":{"line":61,"column":17}}},"5":{"name":"(anonymous_5)","line":82,"loc":{"start":{"line":82,"column":5},"end":{"line":82,"column":17}}},"6":{"name":"(anonymous_6)","line":91,"loc":{"start":{"line":91,"column":77},"end":{"line":94,"column":10}}},"7":{"name":"(anonymous_7)","line":112,"loc":{"start":{"line":112,"column":83},"end":{"line":115,"column":10}},"skip":true},"8":{"name":"(anonymous_8)","line":123,"loc":{"start":{"line":123,"column":77},"end":{"line":126,"column":10}},"skip":true},"9":{"name":"(anonymous_9)","line":139,"loc":{"start":{"line":139,"column":12},"end":{"line":139,"column":40}},"skip":true},"10":{"name":"(anonymous_10)","line":147,"loc":{"start":{"line":147,"column":77},"end":{"line":150,"column":10}},"skip":true},"11":{"name":"(anonymous_11)","line":158,"loc":{"start":{"line":158,"column":83},"end":{"line":161,"column":10}},"skip":true},"12":{"name":"(anonymous_12)","line":169,"loc":{"start":{"line":169,"column":79},"end":{"line":172,"column":10}},"skip":true},"13":{"name":"(anonymous_13)","line":180,"loc":{"start":{"line":180,"column":75},"end":{"line":183,"column":10}},"skip":true}},"statementMap":{"1":{"start":{"line":12,"column":0},"end":{"line":195,"column":5}},"2":{"start":{"line":14,"column":4},"end":{"line":14,"column":14}},"3":{"start":{"line":19,"column":4},"end":{"line":56,"column":9}},"4":{"start":{"line":21,"column":8},"end":{"line":21,"column":19}},"5":{"start":{"line":23,"column":8},"end":{"line":35,"column":13}},"6":{"start":{"line":24,"column":12},"end":{"line":34,"column":13}},"7":{"start":{"line":25,"column":16},"end":{"line":28,"column":30}},"8":{"start":{"line":30,"column":16},"end":{"line":33,"column":27}},"9":{"start":{"line":37,"column":8},"end":{"line":39,"column":21}},"10":{"start":{"line":40,"column":8},"end":{"line":53,"column":9}},"11":{"start":{"line":43,"column":12},"end":{"line":46,"column":14}},"12":{"start":{"line":47,"column":12},"end":{"line":47,"column":18}},"13":{"start":{"line":50,"column":12},"end":{"line":51,"column":33}},"14":{"start":{"line":52,"column":12},"end":{"line":52,"column":18}},"15":{"start":{"line":55,"column":8},"end":{"line":55,"column":35}},"16":{"start":{"line":61,"column":4},"end":{"line":63,"column":9}},"17":{"start":{"line":62,"column":8},"end":{"line":62,"column":15}},"18":{"start":{"line":64,"column":4},"end":{"line":77,"column":5}},"19":{"start":{"line":70,"column":8},"end":{"line":70,"column":14}},"20":{"start":{"line":76,"column":8},"end":{"line":76,"column":14}},"21":{"start":{"line":82,"column":4},"end":{"line":84,"column":9}},"22":{"start":{"line":83,"column":8},"end":{"line":83,"column":15}},"23":{"start":{"line":85,"column":4},"end":{"line":194,"column":5}},"24":{"start":{"line":91,"column":8},"end":{"line":99,"column":10}},"25":{"start":{"line":98,"column":12},"end":{"line":98,"column":35}},"26":{"start":{"line":102,"column":8},"end":{"line":104,"column":63}},"27":{"start":{"line":105,"column":8},"end":{"line":105,"column":14}},"28":{"start":{"line":112,"column":8},"end":{"line":121,"column":10},"skip":true},"29":{"start":{"line":119,"column":12},"end":{"line":119,"column":55},"skip":true},"30":{"start":{"line":120,"column":12},"end":{"line":120,"column":48},"skip":true},"31":{"start":{"line":123,"column":8},"end":{"line":136,"column":10},"skip":true},"32":{"start":{"line":130,"column":12},"end":{"line":130,"column":76},"skip":true},"33":{"start":{"line":131,"column":12},"end":{"line":131,"column":73},"skip":true},"34":{"start":{"line":132,"column":12},"end":{"line":132,"column":74},"skip":true},"35":{"start":{"line":133,"column":12},"end":{"line":133,"column":79},"skip":true},"36":{"start":{"line":134,"column":12},"end":{"line":134,"column":25},"skip":true},"37":{"start":{"line":135,"column":12},"end":{"line":135,"column":45},"skip":true},"38":{"start":{"line":138,"column":8},"end":{"line":145,"column":14},"skip":true},"39":{"start":{"line":143,"column":16},"end":{"line":143,"column":29},"skip":true},"40":{"start":{"line":144,"column":16},"end":{"line":144,"column":55},"skip":true},"41":{"start":{"line":147,"column":8},"end":{"line":156,"column":10},"skip":true},"42":{"start":{"line":154,"column":12},"end":{"line":154,"column":25},"skip":true},"43":{"start":{"line":155,"column":12},"end":{"line":155,"column":45},"skip":true},"44":{"start":{"line":158,"column":8},"end":{"line":167,"column":10},"skip":true},"45":{"start":{"line":165,"column":12},"end":{"line":165,"column":25},"skip":true},"46":{"start":{"line":166,"column":12},"end":{"line":166,"column":48},"skip":true},"47":{"start":{"line":169,"column":8},"end":{"line":178,"column":10},"skip":true},"48":{"start":{"line":176,"column":12},"end":{"line":176,"column":25},"skip":true},"49":{"start":{"line":177,"column":12},"end":{"line":177,"column":46},"skip":true},"50":{"start":{"line":180,"column":8},"end":{"line":189,"column":10},"skip":true},"51":{"start":{"line":187,"column":12},"end":{"line":187,"column":94},"skip":true},"52":{"start":{"line":188,"column":12},"end":{"line":188,"column":48},"skip":true},"53":{"start":{"line":192,"column":8},"end":{"line":192,"column":35},"skip":true},"54":{"start":{"line":193,"column":8},"end":{"line":193,"column":14},"skip":true}},"branchMap":{"1":{"line":25,"type":"binary-expr","locations":[{"start":{"line":25,"column":23},"end":{"line":25,"column":62}},{"start":{"line":26,"column":20},"end":{"line":26,"column":70}},{"start":{"line":27,"column":20},"end":{"line":27,"column":71}},{"start":{"line":28,"column":20},"end":{"line":28,"column":29}}]},"2":{"line":30,"type":"binary-expr","locations":[{"start":{"line":30,"column":23},"end":{"line":30,"column":37}},{"start":{"line":31,"column":20},"end":{"line":31,"column":61}},{"start":{"line":32,"column":20},"end":{"line":32,"column":70}},{"start":{"line":33,"column":20},"end":{"line":33,"column":26}}]},"3":{"line":37,"type":"cond-expr","locations":[{"start":{"line":38,"column":14},"end":{"line":38,"column":20}},{"start":{"line":39,"column":14},"end":{"line":39,"column":20}}]},"4":{"line":40,"type":"switch","locations":[{"start":{"line":42,"column":8},"end":{"line":47,"column":18}},{"start":{"line":49,"column":8},"end":{"line":52,"column":18}}]},"5":{"line":44,"type":"binary-expr","locations":[{"start":{"line":44,"column":16},"end":{"line":44,"column":44}},{"start":{"line":44,"column":48},"end":{"line":44,"column":66}}]},"6":{"line":50,"type":"binary-expr","locations":[{"start":{"line":50,"column":21},"end":{"line":50,"column":49}},{"start":{"line":50,"column":53},"end":{"line":50,"column":72}}]},"7":{"line":64,"type":"switch","locations":[{"start":{"line":69,"column":4},"end":{"line":70,"column":14}},{"start":{"line":75,"column":4},"end":{"line":76,"column":14}}]},"8":{"line":85,"type":"switch","locations":[{"start":{"line":90,"column":4},"end":{"line":105,"column":14}},{"start":{"line":111,"column":4},"end":{"line":193,"column":14},"skip":true}]},"9":{"line":91,"type":"binary-expr","locations":[{"start":{"line":91,"column":42},"end":{"line":91,"column":73}},{"start":{"line":91,"column":77},"end":{"line":99,"column":9}}]},"10":{"line":102,"type":"binary-expr","locations":[{"start":{"line":102,"column":18},"end":{"line":102,"column":32}},{"start":{"line":103,"column":12},"end":{"line":103,"column":53}},{"start":{"line":104,"column":12},"end":{"line":104,"column":61}}]},"11":{"line":112,"type":"binary-expr","locations":[{"start":{"line":112,"column":45},"end":{"line":112,"column":79},"skip":true},{"start":{"line":112,"column":83},"end":{"line":121,"column":9},"skip":true}]},"12":{"line":123,"type":"binary-expr","locations":[{"start":{"line":123,"column":42},"end":{"line":123,"column":73},"skip":true},{"start":{"line":123,"column":77},"end":{"line":136,"column":9},"skip":true}]},"13":{"line":138,"type":"binary-expr","locations":[{"start":{"line":138,"column":48},"end":{"line":138,"column":85},"skip":true},{"start":{"line":139,"column":12},"end":{"line":145,"column":13},"skip":true}]},"14":{"line":147,"type":"binary-expr","locations":[{"start":{"line":147,"column":42},"end":{"line":147,"column":73},"skip":true},{"start":{"line":147,"column":77},"end":{"line":156,"column":9},"skip":true}]},"15":{"line":158,"type":"binary-expr","locations":[{"start":{"line":158,"column":45},"end":{"line":158,"column":79},"skip":true},{"start":{"line":158,"column":83},"end":{"line":167,"column":9},"skip":true}]},"16":{"line":169,"type":"binary-expr","locations":[{"start":{"line":169,"column":43},"end":{"line":169,"column":75},"skip":true},{"start":{"line":169,"column":79},"end":{"line":178,"column":9},"skip":true}]},"17":{"line":180,"type":"binary-expr","locations":[{"start":{"line":180,"column":41},"end":{"line":180,"column":71},"skip":true},{"start":{"line":180,"column":75},"end":{"line":189,"column":9},"skip":true}]}},"code":["/* istanbul instrument in package npmtest_ace_code_editor */","/*jslint","    bitwise: true,","    browser: true,","    maxerr: 8,","    maxlen: 96,","    node: true,","    nomen: true,","    regexp: true,","    stupid: true","*/","(function () {","    'use strict';","    var local;","","","","    // run shared js-env code - pre-init","    (function () {","        // init local","        local = {};","        // init modeJs","        local.modeJs = (function () {","            try {","                return typeof navigator.userAgent === 'string' &&","                    typeof document.querySelector('body') === 'object' &&","                    typeof XMLHttpRequest.prototype.open === 'function' &&","                    'browser';","            } catch (errorCaughtBrowser) {","                return module.exports &&","                    typeof process.versions.node === 'string' &&","                    typeof require('http').createServer === 'function' &&","                    'node';","            }","        }());","        // init global","        local.global = local.modeJs === 'browser'","            ? window","            : global;","        switch (local.modeJs) {","        // re-init local from window.local","        case 'browser':","            local = local.global.utility2.objectSetDefault(","                local.global.utility2_rollup || local.global.local,","                local.global.utility2","            );","            break;","        // re-init local from example.js","        case 'node':","            local = (local.global.utility2_rollup || require('utility2'))","                .requireReadme();","            break;","        }","        // export local","        local.global.local = local;","    }());","","","","    // run shared js-env code - function","    (function () {","        return;","    }());","    switch (local.modeJs) {","","","","    // run browser js-env code - function","    case 'browser':","        break;","","","","    // run node js-env code - function","    case 'node':","        break;","    }","","","","    // run shared js-env code - post-init","    (function () {","        return;","    }());","    switch (local.modeJs) {","","","","    // run browser js-env code - post-init","    case 'browser':","        local.testCase_browser_nullCase = local.testCase_browser_nullCase || function (","            options,","            onError","        ) {","        /*","         * this function will test browsers's null-case handling-behavior-behavior","         */","            onError(null, options);","        };","","        // run tests","        local.nop(local.modeTest &&","            document.querySelector('#testRunButton1') &&","            document.querySelector('#testRunButton1').click());","        break;","","","","    // run node js-env code - post-init","    /* istanbul ignore next */","    case 'node':","        local.testCase_buildApidoc_default = local.testCase_buildApidoc_default || function (","            options,","            onError","        ) {","        /*","         * this function will test buildApidoc's default handling-behavior-behavior","         */","            options = { modulePathList: module.paths };","            local.buildApidoc(options, onError);","        };","","        local.testCase_buildApp_default = local.testCase_buildApp_default || function (","            options,","            onError","        ) {","        /*","         * this function will test buildApp's default handling-behavior-behavior","         */","            local.testCase_buildReadme_default(options, local.onErrorThrow);","            local.testCase_buildLib_default(options, local.onErrorThrow);","            local.testCase_buildTest_default(options, local.onErrorThrow);","            local.testCase_buildCustomOrg_default(options, local.onErrorThrow);","            options = [];","            local.buildApp(options, onError);","        };","","        local.testCase_buildCustomOrg_default = local.testCase_buildCustomOrg_default ||","            function (options, onError) {","            /*","             * this function will test buildCustomOrg's default handling-behavior","             */","                options = {};","                local.buildCustomOrg(options, onError);","            };","","        local.testCase_buildLib_default = local.testCase_buildLib_default || function (","            options,","            onError","        ) {","        /*","         * this function will test buildLib's default handling-behavior","         */","            options = {};","            local.buildLib(options, onError);","        };","","        local.testCase_buildReadme_default = local.testCase_buildReadme_default || function (","            options,","            onError","        ) {","        /*","         * this function will test buildReadme's default handling-behavior-behavior","         */","            options = {};","            local.buildReadme(options, onError);","        };","","        local.testCase_buildTest_default = local.testCase_buildTest_default || function (","            options,","            onError","        ) {","        /*","         * this function will test buildTest's default handling-behavior","         */","            options = {};","            local.buildTest(options, onError);","        };","","        local.testCase_webpage_default = local.testCase_webpage_default || function (","            options,","            onError","        ) {","        /*","         * this function will test webpage's default handling-behavior","         */","            options = { modeCoverageMerge: true, url: local.serverLocalHost + '?modeTest=1' };","            local.browserTest(options, onError);","        };","","        // run test-server","        local.testRunServer(local);","        break;","    }","}());",""],"l":{"12":2,"14":2,"19":2,"21":2,"23":2,"24":2,"25":2,"30":1,"37":2,"40":2,"43":1,"47":1,"50":1,"52":1,"55":2,"61":2,"62":2,"64":2,"70":1,"76":1,"82":2,"83":2,"85":2,"91":1,"98":1,"102":1,"105":1,"112":1,"119":1,"120":1,"123":1,"130":1,"131":1,"132":1,"133":1,"134":1,"135":1,"138":1,"143":2,"144":2,"147":1,"154":2,"155":2,"158":1,"165":2,"166":2,"169":1,"176":2,"177":2,"180":1,"187":1,"188":1,"192":1,"193":1}},"/home/travis/build/npmtest/node-npmtest-ace-code-editor/lib.npmtest_ace_code_editor.js":{"path":"/home/travis/build/npmtest/node-npmtest-ace-code-editor/lib.npmtest_ace_code_editor.js","s":{"1":2,"2":2,"3":2,"4":2,"5":2,"6":2,"7":2,"8":1,"9":2,"10":2,"11":2,"12":2,"13":1,"14":1,"15":1,"16":1},"b":{"1":[2,1,1,1],"2":[1,1,1,1],"3":[1,1],"4":[2,2],"5":[1,1]},"f":{"1":2,"2":2,"3":2},"fnMap":{"1":{"name":"(anonymous_1)","line":12,"loc":{"start":{"line":12,"column":1},"end":{"line":12,"column":13}}},"2":{"name":"(anonymous_2)","line":19,"loc":{"start":{"line":19,"column":5},"end":{"line":19,"column":17}}},"3":{"name":"(anonymous_3)","line":23,"loc":{"start":{"line":23,"column":24},"end":{"line":23,"column":36}}}},"statementMap":{"1":{"start":{"line":12,"column":0},"end":{"line":53,"column":5}},"2":{"start":{"line":14,"column":4},"end":{"line":14,"column":14}},"3":{"start":{"line":19,"column":4},"end":{"line":52,"column":9}},"4":{"start":{"line":21,"column":8},"end":{"line":21,"column":19}},"5":{"start":{"line":23,"column":8},"end":{"line":35,"column":13}},"6":{"start":{"line":24,"column":12},"end":{"line":34,"column":13}},"7":{"start":{"line":25,"column":16},"end":{"line":28,"column":30}},"8":{"start":{"line":30,"column":16},"end":{"line":33,"column":27}},"9":{"start":{"line":37,"column":8},"end":{"line":39,"column":21}},"10":{"start":{"line":41,"column":8},"end":{"line":41,"column":54}},"11":{"start":{"line":43,"column":8},"end":{"line":43,"column":60}},"12":{"start":{"line":45,"column":8},"end":{"line":51,"column":9}},"13":{"start":{"line":46,"column":12},"end":{"line":46,"column":66}},"14":{"start":{"line":48,"column":12},"end":{"line":48,"column":35}},"15":{"start":{"line":49,"column":12},"end":{"line":49,"column":49}},"16":{"start":{"line":50,"column":12},"end":{"line":50,"column":43}}},"branchMap":{"1":{"line":25,"type":"binary-expr","locations":[{"start":{"line":25,"column":23},"end":{"line":25,"column":62}},{"start":{"line":26,"column":20},"end":{"line":26,"column":70}},{"start":{"line":27,"column":20},"end":{"line":27,"column":71}},{"start":{"line":28,"column":20},"end":{"line":28,"column":29}}]},"2":{"line":30,"type":"binary-expr","locations":[{"start":{"line":30,"column":23},"end":{"line":30,"column":37}},{"start":{"line":31,"column":20},"end":{"line":31,"column":61}},{"start":{"line":32,"column":20},"end":{"line":32,"column":70}},{"start":{"line":33,"column":20},"end":{"line":33,"column":26}}]},"3":{"line":37,"type":"cond-expr","locations":[{"start":{"line":38,"column":14},"end":{"line":38,"column":20}},{"start":{"line":39,"column":14},"end":{"line":39,"column":20}}]},"4":{"line":41,"type":"binary-expr","locations":[{"start":{"line":41,"column":16},"end":{"line":41,"column":44}},{"start":{"line":41,"column":48},"end":{"line":41,"column":53}}]},"5":{"line":45,"type":"if","locations":[{"start":{"line":45,"column":8},"end":{"line":45,"column":8}},{"start":{"line":45,"column":8},"end":{"line":45,"column":8}}]}},"code":["/* istanbul instrument in package npmtest_ace_code_editor */","/*jslint","    bitwise: true,","    browser: true,","    maxerr: 8,","    maxlen: 96,","    node: true,","    nomen: true,","    regexp: true,","    stupid: true","*/","(function () {","    'use strict';","    var local;","","","","    // run shared js-env code - pre-init","    (function () {","        // init local","        local = {};","        // init modeJs","        local.modeJs = (function () {","            try {","                return typeof navigator.userAgent === 'string' &&","                    typeof document.querySelector('body') === 'object' &&","                    typeof XMLHttpRequest.prototype.open === 'function' &&","                    'browser';","            } catch (errorCaughtBrowser) {","                return module.exports &&","                    typeof process.versions.node === 'string' &&","                    typeof require('http').createServer === 'function' &&","                    'node';","            }","        }());","        // init global","        local.global = local.modeJs === 'browser'","            ? window","            : global;","        // init utility2_rollup","        local = local.global.utility2_rollup || local;","        // init lib","        local.local = local.npmtest_ace_code_editor = local;","        // init exports","        if (local.modeJs === 'browser') {","            local.global.utility2_npmtest_ace_code_editor = local;","        } else {","            module.exports = local;","            module.exports.__dirname = __dirname;","            module.exports.module = module;","        }","    }());","}());",""],"l":{"12":2,"14":2,"19":2,"21":2,"23":2,"24":2,"25":2,"30":1,"37":2,"41":2,"43":2,"45":2,"46":1,"48":1,"49":1,"50":1}},"/home/travis/build/npmtest/node-npmtest-ace-code-editor/example.js":{"path":"/home/travis/build/npmtest/node-npmtest-ace-code-editor/example.js","s":{"1":2,"2":2,"3":2,"4":2,"5":2,"6":2,"7":2,"8":1,"9":2,"10":2,"11":2,"12":2,"13":1,"14":2,"15":2,"16":2,"17":2,"18":2,"19":0,"20":2,"21":1,"22":1,"23":1,"24":1,"25":1,"26":0,"27":0,"28":1,"29":1,"30":2,"31":0,"32":0,"33":0,"34":1,"35":2,"36":2,"37":3,"38":3,"39":3,"40":3,"41":0,"42":3,"43":3,"44":3,"45":1,"46":3,"47":1,"48":1,"49":1,"50":1,"51":1,"52":1,"53":1,"54":1,"55":1,"56":1,"57":0,"58":1,"59":6,"60":6,"61":1,"62":2,"63":0,"64":2,"65":1,"66":1,"67":0,"68":0,"69":0,"70":0,"71":0,"72":0,"73":0,"74":0,"75":0,"76":0,"77":0,"78":0,"79":0,"80":0,"81":0,"82":0,"83":0},"b":{"1":[2,1,1,1],"2":[1,1,1,1],"3":[1,1],"4":[2,2],"5":[1,1],"6":[1,1],"7":[2,0],"8":[2,1,1,1,1,1],"9":[0,2,0],"10":[1,1],"11":[2,1,1],"12":[1,0],"13":[0,2],"14":[2,0,0,0,0,0,0],"15":[0,3],"16":[3,0],"17":[1,1],"18":[0,1],"19":[1,2,0,2],"20":[1,0],"21":[1,1],"22":[0,0],"23":[0,0],"24":[0,0],"25":[0,0],"26":[0,0],"27":[0,0],"28":[0,0]},"f":{"1":2,"2":2,"3":2,"4":2,"5":2,"6":2,"7":3,"8":3,"9":3,"10":1,"11":6,"12":0},"fnMap":{"1":{"name":"(anonymous_1)","line":26,"loc":{"start":{"line":26,"column":1},"end":{"line":26,"column":13}}},"2":{"name":"(anonymous_2)","line":33,"loc":{"start":{"line":33,"column":5},"end":{"line":33,"column":17}}},"3":{"name":"(anonymous_3)","line":37,"loc":{"start":{"line":37,"column":24},"end":{"line":37,"column":36}}},"4":{"name":"(anonymous_4)","line":69,"loc":{"start":{"line":69,"column":31},"end":{"line":69,"column":48}},"skip":true},"5":{"name":"(anonymous_5)","line":78,"loc":{"start":{"line":78,"column":26},"end":{"line":78,"column":45}},"skip":true},"6":{"name":"(anonymous_6)","line":123,"loc":{"start":{"line":123,"column":33},"end":{"line":123,"column":48}},"skip":true},"7":{"name":"(anonymous_7)","line":125,"loc":{"start":{"line":125,"column":27},"end":{"line":125,"column":39}},"skip":true},"8":{"name":"(anonymous_8)","line":133,"loc":{"start":{"line":133,"column":59},"end":{"line":133,"column":74}},"skip":true},"9":{"name":"(anonymous_9)","line":143,"loc":{"start":{"line":143,"column":45},"end":{"line":143,"column":62}},"skip":true},"10":{"name":"(anonymous_10)","line":144,"loc":{"start":{"line":144,"column":73},"end":{"line":144,"column":92}},"skip":true},"11":{"name":"(anonymous_11)","line":272,"loc":{"start":{"line":272,"column":51},"end":{"line":272,"column":77}},"skip":true},"12":{"name":"(anonymous_12)","line":315,"loc":{"start":{"line":315,"column":32},"end":{"line":315,"column":61}},"skip":true}},"statementMap":{"1":{"start":{"line":26,"column":0},"end":{"line":326,"column":5}},"2":{"start":{"line":28,"column":4},"end":{"line":28,"column":14}},"3":{"start":{"line":33,"column":4},"end":{"line":60,"column":9}},"4":{"start":{"line":35,"column":8},"end":{"line":35,"column":19}},"5":{"start":{"line":37,"column":8},"end":{"line":49,"column":13}},"6":{"start":{"line":38,"column":12},"end":{"line":48,"column":13}},"7":{"start":{"line":39,"column":16},"end":{"line":42,"column":30}},"8":{"start":{"line":44,"column":16},"end":{"line":47,"column":27}},"9":{"start":{"line":51,"column":8},"end":{"line":53,"column":21}},"10":{"start":{"line":55,"column":8},"end":{"line":57,"column":45}},"11":{"start":{"line":59,"column":8},"end":{"line":59,"column":35}},"12":{"start":{"line":61,"column":4},"end":{"line":325,"column":5}},"13":{"start":{"line":69,"column":8},"end":{"line":121,"column":10},"skip":true},"14":{"start":{"line":70,"column":12},"end":{"line":88,"column":13},"skip":true},"15":{"start":{"line":76,"column":16},"end":{"line":87,"column":19},"skip":true},"16":{"start":{"line":79,"column":20},"end":{"line":86,"column":21},"skip":true},"17":{"start":{"line":82,"column":24},"end":{"line":82,"column":43},"skip":true},"18":{"start":{"line":83,"column":24},"end":{"line":83,"column":30},"skip":true},"19":{"start":{"line":85,"column":24},"end":{"line":85,"column":49},"skip":true},"20":{"start":{"line":89,"column":12},"end":{"line":107,"column":13},"skip":true},"21":{"start":{"line":92,"column":16},"end":{"line":102,"column":17},"skip":true},"22":{"start":{"line":93,"column":20},"end":{"line":93,"column":86},"skip":true},"23":{"start":{"line":94,"column":20},"end":{"line":95,"column":45},"skip":true},"24":{"start":{"line":96,"column":20},"end":{"line":96,"column":42},"skip":true},"25":{"start":{"line":97,"column":20},"end":{"line":97,"column":48},"skip":true},"26":{"start":{"line":100,"column":20},"end":{"line":100,"column":85},"skip":true},"27":{"start":{"line":101,"column":20},"end":{"line":101,"column":96},"skip":true},"28":{"start":{"line":103,"column":16},"end":{"line":103,"column":22},"skip":true},"29":{"start":{"line":106,"column":16},"end":{"line":106,"column":22},"skip":true},"30":{"start":{"line":108,"column":12},"end":{"line":120,"column":13},"skip":true},"31":{"start":{"line":114,"column":16},"end":{"line":119,"column":17},"skip":true},"32":{"start":{"line":116,"column":20},"end":{"line":116,"column":78},"skip":true},"33":{"start":{"line":118,"column":20},"end":{"line":118,"column":47},"skip":true},"34":{"start":{"line":123,"column":8},"end":{"line":141,"column":11},"skip":true},"35":{"start":{"line":124,"column":12},"end":{"line":124,"column":54},"skip":true},"36":{"start":{"line":125,"column":12},"end":{"line":140,"column":14},"skip":true},"37":{"start":{"line":126,"column":16},"end":{"line":126,"column":28},"skip":true},"38":{"start":{"line":127,"column":16},"end":{"line":127,"column":69},"skip":true},"39":{"start":{"line":128,"column":16},"end":{"line":128,"column":75},"skip":true},"40":{"start":{"line":129,"column":16},"end":{"line":131,"column":17},"skip":true},"41":{"start":{"line":130,"column":20},"end":{"line":130,"column":27},"skip":true},"42":{"start":{"line":133,"column":16},"end":{"line":137,"column":36},"skip":true},"43":{"start":{"line":134,"column":20},"end":{"line":136,"column":55},"skip":true},"44":{"start":{"line":139,"column":16},"end":{"line":139,"column":57},"skip":true},"45":{"start":{"line":143,"column":8},"end":{"line":147,"column":11},"skip":true},"46":{"start":{"line":144,"column":12},"end":{"line":146,"column":15},"skip":true},"47":{"start":{"line":145,"column":16},"end":{"line":145,"column":70},"skip":true},"48":{"start":{"line":149,"column":8},"end":{"line":149,"column":31},"skip":true},"49":{"start":{"line":150,"column":8},"end":{"line":150,"column":14},"skip":true},"50":{"start":{"line":158,"column":8},"end":{"line":158,"column":31},"skip":true},"51":{"start":{"line":160,"column":8},"end":{"line":160,"column":33},"skip":true},"52":{"start":{"line":161,"column":8},"end":{"line":161,"column":37},"skip":true},"53":{"start":{"line":162,"column":8},"end":{"line":162,"column":35},"skip":true},"54":{"start":{"line":164,"column":8},"end":{"line":164,"column":50},"skip":true},"55":{"start":{"line":166,"column":8},"end":{"line":256,"column":2},"skip":true},"56":{"start":{"line":258,"column":8},"end":{"line":286,"column":9},"skip":true},"57":{"start":{"line":259,"column":12},"end":{"line":269,"column":14},"skip":true},"58":{"start":{"line":271,"column":12},"end":{"line":285,"column":19},"skip":true},"59":{"start":{"line":274,"column":20},"end":{"line":274,"column":35},"skip":true},"60":{"start":{"line":275,"column":20},"end":{"line":284,"column":21},"skip":true},"61":{"start":{"line":277,"column":24},"end":{"line":277,"column":64},"skip":true},"62":{"start":{"line":279,"column":24},"end":{"line":279,"column":40},"skip":true},"63":{"start":{"line":281,"column":24},"end":{"line":281,"column":40},"skip":true},"64":{"start":{"line":283,"column":24},"end":{"line":283,"column":39},"skip":true},"65":{"start":{"line":288,"column":8},"end":{"line":290,"column":9},"skip":true},"66":{"start":{"line":289,"column":12},"end":{"line":289,"column":18},"skip":true},"67":{"start":{"line":291,"column":8},"end":{"line":293,"column":54},"skip":true},"68":{"start":{"line":296,"column":8},"end":{"line":301,"column":37},"skip":true},"69":{"start":{"line":303,"column":8},"end":{"line":303,"column":82},"skip":true},"70":{"start":{"line":306,"column":8},"end":{"line":308,"column":9},"skip":true},"71":{"start":{"line":307,"column":12},"end":{"line":307,"column":82},"skip":true},"72":{"start":{"line":310,"column":8},"end":{"line":312,"column":9},"skip":true},"73":{"start":{"line":311,"column":12},"end":{"line":311,"column":18},"skip":true},"74":{"start":{"line":313,"column":8},"end":{"line":313,"column":54},"skip":true},"75":{"start":{"line":314,"column":8},"end":{"line":314,"column":69},"skip":true},"76":{"start":{"line":315,"column":8},"end":{"line":323,"column":36},"skip":true},"77":{"start":{"line":316,"column":12},"end":{"line":316,"column":61},"skip":true},"78":{"start":{"line":317,"column":12},"end":{"line":320,"column":13},"skip":true},"79":{"start":{"line":318,"column":16},"end":{"line":318,"column":75},"skip":true},"80":{"start":{"line":319,"column":16},"end":{"line":319,"column":23},"skip":true},"81":{"start":{"line":321,"column":12},"end":{"line":321,"column":38},"skip":true},"82":{"start":{"line":322,"column":12},"end":{"line":322,"column":27},"skip":true},"83":{"start":{"line":324,"column":8},"end":{"line":324,"column":14},"skip":true}},"branchMap":{"1":{"line":39,"type":"binary-expr","locations":[{"start":{"line":39,"column":23},"end":{"line":39,"column":62}},{"start":{"line":40,"column":20},"end":{"line":40,"column":70}},{"start":{"line":41,"column":20},"end":{"line":41,"column":71}},{"start":{"line":42,"column":20},"end":{"line":42,"column":29}}]},"2":{"line":44,"type":"binary-expr","locations":[{"start":{"line":44,"column":23},"end":{"line":44,"column":37}},{"start":{"line":45,"column":20},"end":{"line":45,"column":61}},{"start":{"line":46,"column":20},"end":{"line":46,"column":70}},{"start":{"line":47,"column":20},"end":{"line":47,"column":26}}]},"3":{"line":51,"type":"cond-expr","locations":[{"start":{"line":52,"column":14},"end":{"line":52,"column":20}},{"start":{"line":53,"column":14},"end":{"line":53,"column":20}}]},"4":{"line":55,"type":"binary-expr","locations":[{"start":{"line":55,"column":16},"end":{"line":55,"column":44}},{"start":{"line":55,"column":49},"end":{"line":57,"column":43}}]},"5":{"line":55,"type":"cond-expr","locations":[{"start":{"line":56,"column":14},"end":{"line":56,"column":59}},{"start":{"line":57,"column":14},"end":{"line":57,"column":43}}]},"6":{"line":61,"type":"switch","locations":[{"start":{"line":68,"column":4},"end":{"line":150,"column":14},"skip":true},{"start":{"line":156,"column":4},"end":{"line":324,"column":14},"skip":true}]},"7":{"line":70,"type":"if","locations":[{"start":{"line":70,"column":12},"end":{"line":70,"column":12},"skip":true},{"start":{"line":70,"column":12},"end":{"line":70,"column":12},"skip":true}]},"8":{"line":70,"type":"binary-expr","locations":[{"start":{"line":70,"column":16},"end":{"line":70,"column":22},"skip":true},{"start":{"line":70,"column":27},"end":{"line":70,"column":32},"skip":true},{"start":{"line":71,"column":20},"end":{"line":71,"column":39},"skip":true},{"start":{"line":72,"column":20},"end":{"line":72,"column":49},"skip":true},{"start":{"line":73,"column":20},"end":{"line":73,"column":58},"skip":true},{"start":{"line":74,"column":20},"end":{"line":74,"column":69},"skip":true}]},"9":{"line":79,"type":"switch","locations":[{"start":{"line":80,"column":20},"end":{"line":80,"column":33},"skip":true},{"start":{"line":81,"column":20},"end":{"line":83,"column":30},"skip":true},{"start":{"line":84,"column":20},"end":{"line":85,"column":49},"skip":true}]},"10":{"line":89,"type":"switch","locations":[{"start":{"line":90,"column":12},"end":{"line":103,"column":22},"skip":true},{"start":{"line":105,"column":12},"end":{"line":106,"column":22},"skip":true}]},"11":{"line":89,"type":"binary-expr","locations":[{"start":{"line":89,"column":20},"end":{"line":89,"column":25},"skip":true},{"start":{"line":89,"column":29},"end":{"line":89,"column":48},"skip":true},{"start":{"line":89,"column":52},"end":{"line":89,"column":74},"skip":true}]},"12":{"line":92,"type":"if","locations":[{"start":{"line":92,"column":16},"end":{"line":92,"column":16},"skip":true},{"start":{"line":92,"column":16},"end":{"line":92,"column":16},"skip":true}]},"13":{"line":108,"type":"if","locations":[{"start":{"line":108,"column":12},"end":{"line":108,"column":12},"skip":true},{"start":{"line":108,"column":12},"end":{"line":108,"column":12},"skip":true}]},"14":{"line":108,"type":"binary-expr","locations":[{"start":{"line":108,"column":16},"end":{"line":108,"column":61},"skip":true},{"start":{"line":108,"column":66},"end":{"line":108,"column":72},"skip":true},{"start":{"line":108,"column":77},"end":{"line":108,"column":82},"skip":true},{"start":{"line":109,"column":20},"end":{"line":109,"column":39},"skip":true},{"start":{"line":110,"column":20},"end":{"line":110,"column":49},"skip":true},{"start":{"line":111,"column":20},"end":{"line":111,"column":58},"skip":true},{"start":{"line":112,"column":20},"end":{"line":112,"column":68},"skip":true}]},"15":{"line":129,"type":"if","locations":[{"start":{"line":129,"column":16},"end":{"line":129,"column":16},"skip":true},{"start":{"line":129,"column":16},"end":{"line":129,"column":16},"skip":true}]},"16":{"line":134,"type":"cond-expr","locations":[{"start":{"line":135,"column":26},"end":{"line":135,"column":29},"skip":true},{"start":{"line":136,"column":26},"end":{"line":136,"column":54},"skip":true}]},"17":{"line":164,"type":"binary-expr","locations":[{"start":{"line":164,"column":27},"end":{"line":164,"column":43},"skip":true},{"start":{"line":164,"column":47},"end":{"line":164,"column":49},"skip":true}]},"18":{"line":258,"type":"if","locations":[{"start":{"line":258,"column":8},"end":{"line":258,"column":8},"skip":true},{"start":{"line":258,"column":8},"end":{"line":258,"column":8},"skip":true}]},"19":{"line":275,"type":"switch","locations":[{"start":{"line":276,"column":20},"end":{"line":277,"column":64},"skip":true},{"start":{"line":278,"column":20},"end":{"line":279,"column":40},"skip":true},{"start":{"line":280,"column":20},"end":{"line":281,"column":40},"skip":true},{"start":{"line":282,"column":20},"end":{"line":283,"column":39},"skip":true}]},"20":{"line":288,"type":"if","locations":[{"start":{"line":288,"column":8},"end":{"line":288,"column":8},"skip":true},{"start":{"line":288,"column":8},"end":{"line":288,"column":8},"skip":true}]},"21":{"line":288,"type":"binary-expr","locations":[{"start":{"line":288,"column":12},"end":{"line":288,"column":40},"skip":true},{"start":{"line":288,"column":44},"end":{"line":288,"column":67},"skip":true}]},"22":{"line":292,"type":"binary-expr","locations":[{"start":{"line":292,"column":12},"end":{"line":292,"column":50},"skip":true},{"start":{"line":293,"column":12},"end":{"line":293,"column":53},"skip":true}]},"23":{"line":297,"type":"binary-expr","locations":[{"start":{"line":297,"column":12},"end":{"line":297,"column":73},"skip":true},{"start":{"line":298,"column":12},"end":{"line":301,"column":36},"skip":true}]},"24":{"line":303,"type":"binary-expr","locations":[{"start":{"line":303,"column":43},"end":{"line":303,"column":75},"skip":true},{"start":{"line":303,"column":79},"end":{"line":303,"column":81},"skip":true}]},"25":{"line":306,"type":"if","locations":[{"start":{"line":306,"column":8},"end":{"line":306,"column":8},"skip":true},{"start":{"line":306,"column":8},"end":{"line":306,"column":8},"skip":true}]},"26":{"line":310,"type":"if","locations":[{"start":{"line":310,"column":8},"end":{"line":310,"column":8},"skip":true},{"start":{"line":310,"column":8},"end":{"line":310,"column":8},"skip":true}]},"27":{"line":313,"type":"binary-expr","locations":[{"start":{"line":313,"column":27},"end":{"line":313,"column":43},"skip":true},{"start":{"line":313,"column":47},"end":{"line":313,"column":53},"skip":true}]},"28":{"line":317,"type":"if","locations":[{"start":{"line":317,"column":12},"end":{"line":317,"column":12},"skip":true},{"start":{"line":317,"column":12},"end":{"line":317,"column":12},"skip":true}]}},"code":["/*","example.js","","quickstart example","","instruction","    1. save this script as example.js","    2. run the shell command:","        $ npm install npmtest-ace-code-editor && PORT=8081 node example.js","    3. play with the browser-demo on http://127.0.0.1:8081","*/","","","","/* istanbul instrument in package npmtest_ace_code_editor */","/*jslint","    bitwise: true,","    browser: true,","    maxerr: 8,","    maxlen: 96,","    node: true,","    nomen: true,","    regexp: true,","    stupid: true","*/","(function () {","    'use strict';","    var local;","","","","    // run shared js-env code - pre-init","    (function () {","        // init local","        local = {};","        // init modeJs","        local.modeJs = (function () {","            try {","                return typeof navigator.userAgent === 'string' &&","                    typeof document.querySelector('body') === 'object' &&","                    typeof XMLHttpRequest.prototype.open === 'function' &&","                    'browser';","            } catch (errorCaughtBrowser) {","                return module.exports &&","                    typeof process.versions.node === 'string' &&","                    typeof require('http').createServer === 'function' &&","                    'node';","            }","        }());","        // init global","        local.global = local.modeJs === 'browser'","            ? window","            : global;","        // init utility2_rollup","        local = local.global.utility2_rollup || (local.modeJs === 'browser'","            ? local.global.utility2_npmtest_ace_code_editor","            : global.utility2_moduleExports);","        // export local","        local.global.local = local;","    }());","    switch (local.modeJs) {","","","","    // post-init","    // run browser js-env code - post-init","    /* istanbul ignore next */","    case 'browser':","        local.testRunBrowser = function (event) {","            if (!event || (event &&","                    event.currentTarget &&","                    event.currentTarget.className &&","                    event.currentTarget.className.includes &&","                    event.currentTarget.className.includes('onreset'))) {","                // reset output","                Array.from(","                    document.querySelectorAll('body > .resettable')","                ).forEach(function (element) {","                    switch (element.tagName) {","                    case 'INPUT':","                    case 'TEXTAREA':","                        element.value = '';","                        break;","                    default:","                        element.textContent = '';","                    }","                });","            }","            switch (event && event.currentTarget && event.currentTarget.id) {","            case 'testRunButton1':","                // show tests","                if (document.querySelector('#testReportDiv1').style.display === 'none') {","                    document.querySelector('#testReportDiv1').style.display = 'block';","                    document.querySelector('#testRunButton1').textContent =","                        'hide internal test';","                    local.modeTest = true;","                    local.testRunDefault(local);","                // hide tests","                } else {","                    document.querySelector('#testReportDiv1').style.display = 'none';","                    document.querySelector('#testRunButton1').textContent = 'run internal test';","                }","                break;","            // custom-case","            default:","                break;","            }","            if (document.querySelector('#inputTextareaEval1') && (!event || (event &&","                    event.currentTarget &&","                    event.currentTarget.className &&","                    event.currentTarget.className.includes &&","                    event.currentTarget.className.includes('oneval')))) {","                // try to eval input-code","                try {","                    /*jslint evil: true*/","                    eval(document.querySelector('#inputTextareaEval1').value);","                } catch (errorCaught) {","                    console.error(errorCaught);","                }","            }","        };","        // log stderr and stdout to #outputTextareaStdout1","        ['error', 'log'].forEach(function (key) {","            console[key + '_original'] = console[key];","            console[key] = function () {","                var element;","                console[key + '_original'].apply(console, arguments);","                element = document.querySelector('#outputTextareaStdout1');","                if (!element) {","                    return;","                }","                // append text to #outputTextareaStdout1","                element.value += Array.from(arguments).map(function (arg) {","                    return typeof arg === 'string'","                        ? arg","                        : JSON.stringify(arg, null, 4);","                }).join(' ') + '\\n';","                // scroll textarea to bottom","                element.scrollTop = element.scrollHeight;","            };","        });","        // init event-handling","        ['change', 'click', 'keyup'].forEach(function (event) {","            Array.from(document.querySelectorAll('.on' + event)).forEach(function (element) {","                element.addEventListener(event, local.testRunBrowser);","            });","        });","        // run tests","        local.testRunBrowser();","        break;","","","","    // run node js-env code - post-init","    /* istanbul ignore next */","    case 'node':","        // export local","        module.exports = local;","        // require modules","        local.fs = require('fs');","        local.http = require('http');","        local.url = require('url');","        // init assets","        local.assetsDict = local.assetsDict || {};","        /* jslint-ignore-begin */","        local.assetsDict['/assets.index.template.html'] = '\\","<!doctype html>\\n\\","<html lang=\"en\">\\n\\","<head>\\n\\","<meta charset=\"UTF-8\">\\n\\","<meta name=\"viewport\" content=\"width=device-width, initial-scale=1\">\\n\\","<title>{{env.npm_package_name}} (v{{env.npm_package_version}})</title>\\n\\","<style>\\n\\","/*csslint\\n\\","    box-sizing: false,\\n\\","    universal-selector: false\\n\\","*/\\n\\","* {\\n\\","    box-sizing: border-box;\\n\\","}\\n\\","body {\\n\\","    background: #dde;\\n\\","    font-family: Arial, Helvetica, sans-serif;\\n\\","    margin: 2rem;\\n\\","}\\n\\","body > * {\\n\\","    margin-bottom: 1rem;\\n\\","}\\n\\",".utility2FooterDiv {\\n\\","    margin-top: 20px;\\n\\","    text-align: center;\\n\\","}\\n\\","</style>\\n\\","<style>\\n\\","/*csslint\\n\\","*/\\n\\","textarea {\\n\\","    font-family: monospace;\\n\\","    height: 10rem;\\n\\","    width: 100%;\\n\\","}\\n\\","textarea[readonly] {\\n\\","    background: #ddd;\\n\\","}\\n\\","</style>\\n\\","</head>\\n\\","<body>\\n\\","<!-- utility2-comment\\n\\","<div id=\"ajaxProgressDiv1\" style=\"background: #d00; height: 2px; left: 0; margin: 0; padding: 0; position: fixed; top: 0; transition: background 0.5s, width 1.5s; width: 25%;\"></div>\\n\\","utility2-comment -->\\n\\","<h1>\\n\\","<!-- utility2-comment\\n\\","    <a\\n\\","        {{#if env.npm_package_homepage}}\\n\\","        href=\"{{env.npm_package_homepage}}\"\\n\\","        {{/if env.npm_package_homepage}}\\n\\","        target=\"_blank\"\\n\\","    >\\n\\","utility2-comment -->\\n\\","        {{env.npm_package_name}} (v{{env.npm_package_version}})\\n\\","<!-- utility2-comment\\n\\","    </a>\\n\\","utility2-comment -->\\n\\","</h1>\\n\\","<h3>{{env.npm_package_description}}</h3>\\n\\","<!-- utility2-comment\\n\\","<h4><a download href=\"assets.app.js\">download standalone app</a></h4>\\n\\","<button class=\"onclick onreset\" id=\"testRunButton1\">run internal test</button><br>\\n\\","<div id=\"testReportDiv1\" style=\"display: none;\"></div>\\n\\","utility2-comment -->\\n\\","\\n\\","\\n\\","\\n\\","<label>stderr and stdout</label>\\n\\","<textarea class=\"resettable\" id=\"outputTextareaStdout1\" readonly></textarea>\\n\\","<!-- utility2-comment\\n\\","{{#if isRollup}}\\n\\","<script src=\"assets.app.js\"></script>\\n\\","{{#unless isRollup}}\\n\\","utility2-comment -->\\n\\","<script src=\"assets.utility2.rollup.js\"></script>\\n\\","<script src=\"jsonp.utility2._stateInit?callback=window.utility2._stateInit\"></script>\\n\\","<script src=\"assets.npmtest_ace_code_editor.rollup.js\"></script>\\n\\","<script src=\"assets.example.js\"></script>\\n\\","<script src=\"assets.test.js\"></script>\\n\\","<!-- utility2-comment\\n\\","{{/if isRollup}}\\n\\","utility2-comment -->\\n\\","<div class=\"utility2FooterDiv\">\\n\\","    [ this app was created with\\n\\","    <a href=\"https://github.com/kaizhu256/node-utility2\" target=\"_blank\">utility2</a>\\n\\","    ]\\n\\","</div>\\n\\","</body>\\n\\","</html>\\n\\","';","        /* jslint-ignore-end */","        if (local.templateRender) {","            local.assetsDict['/'] = local.templateRender(","                local.assetsDict['/assets.index.template.html'],","                {","                    env: local.objectSetDefault(local.env, {","                        npm_package_description: 'the greatest app in the world!',","                        npm_package_name: 'my-app',","                        npm_package_nameAlias: 'my_app',","                        npm_package_version: '0.0.1'","                    })","                }","            );","        } else {","            local.assetsDict['/'] = local.assetsDict['/assets.index.template.html']","                .replace((/\\{\\{env\\.(\\w+?)\\}\\}/g), function (match0, match1) {","                    // jslint-hack","                    String(match0);","                    switch (match1) {","                    case 'npm_package_description':","                        return 'the greatest app in the world!';","                    case 'npm_package_name':","                        return 'my-app';","                    case 'npm_package_nameAlias':","                        return 'my_app';","                    case 'npm_package_version':","                        return '0.0.1';","                    }","                });","        }","        // run the cli","        if (local.global.utility2_rollup || module !== require.main) {","            break;","        }","        local.assetsDict['/assets.example.js'] =","            local.assetsDict['/assets.example.js'] ||","            local.fs.readFileSync(__filename, 'utf8');","        // bug-workaround - long $npm_package_buildCustomOrg","        /* jslint-ignore-begin */","        local.assetsDict['/assets.npmtest_ace_code_editor.rollup.js'] =","            local.assetsDict['/assets.npmtest_ace_code_editor.rollup.js'] ||","            local.fs.readFileSync(","                local.npmtest_ace_code_editor.__dirname + '/lib.npmtest_ace_code_editor.js',","                'utf8'","            ).replace((/^#!/), '//');","        /* jslint-ignore-end */","        local.assetsDict['/favicon.ico'] = local.assetsDict['/favicon.ico'] || '';","        // if $npm_config_timeout_exit exists,","        // then exit this process after $npm_config_timeout_exit ms","        if (Number(process.env.npm_config_timeout_exit)) {","            setTimeout(process.exit, Number(process.env.npm_config_timeout_exit));","        }","        // start server","        if (local.global.utility2_serverHttp1) {","            break;","        }","        process.env.PORT = process.env.PORT || '8081';","        console.error('server starting on port ' + process.env.PORT);","        local.http.createServer(function (request, response) {","            request.urlParsed = local.url.parse(request.url);","            if (local.assetsDict[request.urlParsed.pathname] !== undefined) {","                response.end(local.assetsDict[request.urlParsed.pathname]);","                return;","            }","            response.statusCode = 404;","            response.end();","        }).listen(process.env.PORT);","        break;","    }","}());",""],"l":{"26":2,"28":2,"33":2,"35":2,"37":2,"38":2,"39":2,"44":1,"51":2,"55":2,"59":2,"61":2,"69":1,"70":2,"76":2,"79":2,"82":2,"83":2,"85":1,"89":2,"92":1,"93":1,"94":1,"96":1,"97":1,"100":1,"101":1,"103":1,"106":1,"108":2,"114":1,"116":1,"118":1,"123":1,"124":2,"125":2,"126":3,"127":3,"128":3,"129":3,"130":1,"133":3,"134":3,"139":3,"143":1,"144":3,"145":1,"149":1,"150":1,"158":1,"160":1,"161":1,"162":1,"164":1,"166":1,"258":1,"259":1,"271":1,"274":6,"275":6,"277":1,"279":2,"281":1,"283":2,"288":1,"289":1,"291":1,"296":1,"303":1,"306":1,"307":1,"310":1,"311":1,"313":1,"314":1,"315":1,"316":1,"317":1,"318":1,"319":1,"321":1,"322":1,"324":1}},"/home/travis/build/npmtest/node-npmtest-ace-code-editor/node_modules/ace-code-editor/Makefile.dryice.js":{"path":"/home/travis/build/npmtest/node-npmtest-ace-code-editor/node_modules/ace-code-editor/Makefile.dryice.js","s":{"1":2,"2":2,"3":2,"4":0,"5":0,"6":0,"7":0,"8":1,"9":0,"10":0,"11":0,"12":0,"13":0,"14":0,"15":0,"16":0,"17":0,"18":0,"19":0,"20":0,"21":0,"22":0,"23":0,"24":0,"25":0,"26":0,"27":0,"28":0,"29":0,"30":0,"31":0,"32":1,"33":0,"34":0,"35":0,"36":0,"37":0,"38":0,"39":0,"40":0,"41":0,"42":0,"43":0,"44":0,"45":0,"46":0,"47":0,"48":0,"49":0,"50":0,"51":1,"52":0,"53":0,"54":0,"55":0,"56":0,"57":0,"58":0,"59":1,"60":0,"61":0,"62":0,"63":0,"64":0,"65":1,"66":0,"67":0,"68":0,"69":0,"70":0,"71":0,"72":0,"73":0,"74":0,"75":0,"76":0,"77":0,"78":0,"79":0,"80":1,"81":0,"82":1,"83":0,"84":0,"85":0,"86":0,"87":0,"88":0,"89":0,"90":0,"91":0,"92":0,"93":0,"94":0,"95":0,"96":0,"97":0,"98":0,"99":0,"100":1,"101":0,"102":0,"103":0,"104":0,"105":0,"106":0,"107":1,"108":0,"109":0,"110":0,"111":0,"112":1,"113":0,"114":1,"115":0,"116":0,"117":0,"118":0,"119":0,"120":0,"121":0,"122":0,"123":0,"124":0,"125":0,"126":0,"127":0,"128":0,"129":0,"130":0,"131":1,"132":0,"133":0,"134":0,"135":0,"136":0,"137":1,"138":0,"139":0,"140":0,"141":0,"142":0,"143":0,"144":0,"145":0,"146":0,"147":0,"148":0,"149":0,"150":0,"151":0,"152":0,"153":0,"154":0,"155":0,"156":0,"157":0,"158":0,"159":0,"160":0,"161":0,"162":0,"163":0,"164":0,"165":0,"166":0,"167":1,"168":0,"169":0,"170":0,"171":0,"172":0,"173":0,"174":1,"175":0,"176":0,"177":0,"178":0,"179":0,"180":0,"181":1,"182":0,"183":0,"184":0,"185":0,"186":0,"187":0,"188":0,"189":0,"190":0,"191":0,"192":0,"193":0,"194":0,"195":0,"196":0,"197":0,"198":0,"199":1,"200":0,"201":0,"202":1,"203":0,"204":0,"205":0,"206":0,"207":0,"208":1,"209":0,"210":0,"211":0,"212":0,"213":0,"214":0,"215":0,"216":0,"217":0,"218":0,"219":0,"220":1,"221":0,"222":0,"223":0,"224":1,"225":0,"226":0,"227":0,"228":0,"229":0,"230":0,"231":0,"232":0,"233":0,"234":0,"235":0,"236":0,"237":0,"238":1,"239":0,"240":0,"241":0,"242":0,"243":0,"244":0,"245":0,"246":0,"247":0,"248":0,"249":1,"250":0,"251":0,"252":0,"253":0,"254":0,"255":0,"256":1,"257":0,"258":0,"259":0,"260":0,"261":0,"262":0,"263":1,"264":0,"265":0,"266":0,"267":0,"268":0,"269":0,"270":0,"271":0,"272":0,"273":0,"274":0,"275":0,"276":0,"277":0,"278":0,"279":0,"280":0,"281":0,"282":0,"283":1,"284":0,"285":0,"286":0,"287":0,"288":0,"289":0,"290":0,"291":1,"292":0,"293":0,"294":1,"295":0,"296":0,"297":0,"298":0,"299":0,"300":0,"301":1,"302":0,"303":0,"304":0,"305":0,"306":1,"307":0,"308":0,"309":0,"310":1,"311":0,"312":0,"313":0,"314":0,"315":0,"316":0,"317":1,"318":0,"319":0,"320":0,"321":0,"322":0,"323":0,"324":0,"325":0,"326":0,"327":0,"328":0,"329":0,"330":0,"331":0,"332":0},"b":{"1":[0,0],"2":[0,0],"3":[0,0],"4":[0,0],"5":[0,0,0],"6":[0,0],"7":[0,0],"8":[0,0],"9":[0,0],"10":[0,0],"11":[0,0],"12":[0,0],"13":[0,0],"14":[0,0],"15":[0,0],"16":[0,0],"17":[0,0],"18":[0,0],"19":[0,0],"20":[0,0,0],"21":[0,0],"22":[0,0],"23":[0,0],"24":[0,0],"25":[0,0],"26":[0,0],"27":[0,0],"28":[0,0],"29":[0,0,0],"30":[0,0],"31":[0,0,0],"32":[0,0],"33":[0,0],"34":[0,0],"35":[0,0],"36":[0,0],"37":[0,0],"38":[0,0],"39":[0,0],"40":[0,0],"41":[0,0],"42":[0,0],"43":[0,0],"44":[0,0],"45":[0,0],"46":[0,0],"47":[0,0],"48":[0,0],"49":[0,0],"50":[0,0],"51":[0,0],"52":[0,0],"53":[0,0],"54":[0,0],"55":[0,0],"56":[0,0],"57":[0,0],"58":[0,0],"59":[0,0],"60":[0,0],"61":[0,0],"62":[0,0],"63":[0,0],"64":[0,0],"65":[0,0],"66":[0,0],"67":[0,0],"68":[0,0],"69":[0,0],"70":[0,0],"71":[0,0],"72":[0,0],"73":[0,0],"74":[0,0],"75":[0,0],"76":[0,0],"77":[0,0],"78":[0,0],"79":[0,0],"80":[0,0],"81":[0,0]},"f":{"1":0,"2":0,"3":0,"4":0,"5":0,"6":0,"7":0,"8":0,"9":0,"10":0,"11":0,"12":0,"13":0,"14":0,"15":0,"16":0,"17":0,"18":0,"19":0,"20":0,"21":0,"22":0,"23":0,"24":0,"25":0,"26":0,"27":0,"28":0,"29":0,"30":0,"31":0,"32":0,"33":0,"34":0,"35":0,"36":0,"37":0,"38":0,"39":0,"40":0,"41":0,"42":0,"43":0,"44":0,"45":0,"46":0,"47":0,"48":0,"49":0,"50":0,"51":0,"52":0,"53":0,"54":0,"55":0,"56":0,"57":0,"58":0,"59":0,"60":0,"61":0,"62":0,"63":0,"64":0,"65":0,"66":0,"67":0,"68":0,"69":0,"70":0,"71":0,"72":0,"73":0,"74":0,"75":0},"fnMap":{"1":{"name":"main","line":41,"loc":{"start":{"line":41,"column":0},"end":{"line":41,"column":20}}},"2":{"name":"(anonymous_2)","line":46,"loc":{"start":{"line":46,"column":20},"end":{"line":46,"column":32}}},"3":{"name":"showHelp","line":79,"loc":{"start":{"line":79,"column":0},"end":{"line":79,"column":24}}},"4":{"name":"ace","line":100,"loc":{"start":{"line":100,"column":0},"end":{"line":100,"column":15}}},"5":{"name":"demo","line":112,"loc":{"start":{"line":112,"column":0},"end":{"line":112,"column":16}}},"6":{"name":"changeComments","line":121,"loc":{"start":{"line":121,"column":4},"end":{"line":121,"column":34}}},"7":{"name":"(anonymous_7)","line":148,"loc":{"start":{"line":148,"column":17},"end":{"line":148,"column":34}}},"8":{"name":"(anonymous_8)","line":152,"loc":{"start":{"line":152,"column":107},"end":{"line":152,"column":122}}},"9":{"name":"comment","line":156,"loc":{"start":{"line":156,"column":16},"end":{"line":156,"column":38}}},"10":{"name":"script","line":157,"loc":{"start":{"line":157,"column":16},"end":{"line":157,"column":37}}},"11":{"name":"(anonymous_11)","line":158,"loc":{"start":{"line":158,"column":32},"end":{"line":158,"column":44}}},"12":{"name":"(anonymous_12)","line":174,"loc":{"start":{"line":174,"column":55},"end":{"line":174,"column":67}}},"13":{"name":"jsFileList","line":182,"loc":{"start":{"line":182,"column":0},"end":{"line":182,"column":34}}},"14":{"name":"(anonymous_14)","line":187,"loc":{"start":{"line":187,"column":36},"end":{"line":187,"column":48}}},"15":{"name":"workers","line":193,"loc":{"start":{"line":193,"column":0},"end":{"line":193,"column":23}}},"16":{"name":"(anonymous_16)","line":194,"loc":{"start":{"line":194,"column":32},"end":{"line":194,"column":44}}},"17":{"name":"(anonymous_17)","line":197,"loc":{"start":{"line":197,"column":14},"end":{"line":197,"column":26}}},"18":{"name":"modeList","line":200,"loc":{"start":{"line":200,"column":0},"end":{"line":200,"column":20}}},"19":{"name":"buildAceModule","line":204,"loc":{"start":{"line":204,"column":0},"end":{"line":204,"column":40}}},"20":{"name":"(anonymous_20)","line":208,"loc":{"start":{"line":208,"column":33},"end":{"line":208,"column":44}}},"21":{"name":"(anonymous_21)","line":217,"loc":{"start":{"line":217,"column":37},"end":{"line":217,"column":59}}},"22":{"name":"buildAceModuleInternal","line":230,"loc":{"start":{"line":230,"column":0},"end":{"line":230,"column":48}}},"23":{"name":"write","line":245,"loc":{"start":{"line":245,"column":4},"end":{"line":245,"column":32}}},"24":{"name":"(anonymous_24)","line":249,"loc":{"start":{"line":249,"column":48},"end":{"line":249,"column":62}}},"25":{"name":"(anonymous_25)","line":286,"loc":{"start":{"line":286,"column":24},"end":{"line":286,"column":36}}},"26":{"name":"(anonymous_26)","line":291,"loc":{"start":{"line":291,"column":11},"end":{"line":291,"column":22}}},"27":{"name":"buildCore","line":313,"loc":{"start":{"line":313,"column":0},"end":{"line":313,"column":45}}},"28":{"name":"buildSubmodule","line":326,"loc":{"start":{"line":326,"column":0},"end":{"line":326,"column":56}}},"29":{"name":"(anonymous_29)","line":328,"loc":{"start":{"line":328,"column":31},"end":{"line":328,"column":51}}},"30":{"name":"buildAce","line":336,"loc":{"start":{"line":336,"column":0},"end":{"line":336,"column":27}}},"31":{"name":"(anonymous_31)","line":342,"loc":{"start":{"line":342,"column":22},"end":{"line":342,"column":37}}},"32":{"name":"(anonymous_32)","line":349,"loc":{"start":{"line":349,"column":22},"end":{"line":349,"column":37}}},"33":{"name":"(anonymous_33)","line":358,"loc":{"start":{"line":358,"column":40},"end":{"line":358,"column":55}}},"34":{"name":"(anonymous_34)","line":365,"loc":{"start":{"line":365,"column":29},"end":{"line":365,"column":44}}},"35":{"name":"(anonymous_35)","line":372,"loc":{"start":{"line":372,"column":38},"end":{"line":372,"column":53}}},"36":{"name":"(anonymous_36)","line":379,"loc":{"start":{"line":379,"column":36},"end":{"line":379,"column":51}}},"37":{"name":"addCb","line":392,"loc":{"start":{"line":392,"column":4},"end":{"line":392,"column":21}}},"38":{"name":"done","line":396,"loc":{"start":{"line":396,"column":4},"end":{"line":396,"column":20}}},"39":{"name":"getLoadedFileList","line":405,"loc":{"start":{"line":405,"column":0},"end":{"line":405,"column":54}}},"40":{"name":"(anonymous_40)","line":407,"loc":{"start":{"line":407,"column":33},"end":{"line":407,"column":53}}},"41":{"name":"(anonymous_41)","line":412,"loc":{"start":{"line":412,"column":27},"end":{"line":412,"column":41}}},"42":{"name":"(anonymous_42)","line":413,"loc":{"start":{"line":413,"column":37},"end":{"line":413,"column":49}}},"43":{"name":"normalizeLineEndings","line":422,"loc":{"start":{"line":422,"column":0},"end":{"line":422,"column":38}}},"44":{"name":"optimizeTextModules","line":428,"loc":{"start":{"line":428,"column":0},"end":{"line":428,"column":38}}},"45":{"name":"(anonymous_45)","line":430,"loc":{"start":{"line":430,"column":26},"end":{"line":430,"column":40}}},"46":{"name":"(anonymous_46)","line":442,"loc":{"start":{"line":442,"column":11},"end":{"line":442,"column":25}}},"47":{"name":"(anonymous_47)","line":444,"loc":{"start":{"line":444,"column":51},"end":{"line":444,"column":63}}},"48":{"name":"rewriteTextImports","line":451,"loc":{"start":{"line":451,"column":4},"end":{"line":451,"column":44}}},"49":{"name":"(anonymous_49)","line":452,"loc":{"start":{"line":452,"column":90},"end":{"line":452,"column":108}}},"50":{"name":"(anonymous_50)","line":455,"loc":{"start":{"line":455,"column":26},"end":{"line":455,"column":38}}},"51":{"name":"detectTextModules","line":468,"loc":{"start":{"line":468,"column":4},"end":{"line":468,"column":36}}},"52":{"name":"namespace","line":482,"loc":{"start":{"line":482,"column":0},"end":{"line":482,"column":23}}},"53":{"name":"(anonymous_53)","line":483,"loc":{"start":{"line":483,"column":11},"end":{"line":483,"column":26}}},"54":{"name":"(anonymous_54)","line":487,"loc":{"start":{"line":487,"column":36},"end":{"line":487,"column":65}}},"55":{"name":"exportAce","line":497,"loc":{"start":{"line":497,"column":0},"end":{"line":497,"column":57}}},"56":{"name":"(anonymous_56)","line":499,"loc":{"start":{"line":499,"column":11},"end":{"line":499,"column":26}}},"57":{"name":"(anonymous_57)","line":501,"loc":{"start":{"line":501,"column":23},"end":{"line":501,"column":34}}},"58":{"name":"(anonymous_58)","line":502,"loc":{"start":{"line":502,"column":13},"end":{"line":502,"column":24}}},"59":{"name":"(anonymous_59)","line":503,"loc":{"start":{"line":503,"column":44},"end":{"line":503,"column":56}}},"60":{"name":"(anonymous_60)","line":514,"loc":{"start":{"line":514,"column":23},"end":{"line":514,"column":34}}},"61":{"name":"(anonymous_61)","line":515,"loc":{"start":{"line":515,"column":17},"end":{"line":515,"column":28}}},"62":{"name":"(anonymous_62)","line":516,"loc":{"start":{"line":516,"column":48},"end":{"line":516,"column":59}}},"63":{"name":"updateModes","line":536,"loc":{"start":{"line":536,"column":0},"end":{"line":536,"column":23}}},"64":{"name":"(anonymous_64)","line":537,"loc":{"start":{"line":537,"column":23},"end":{"line":537,"column":35}}},"65":{"name":"generateThemesModule","line":548,"loc":{"start":{"line":548,"column":0},"end":{"line":548,"column":38}}},"66":{"name":"addSnippetFile","line":557,"loc":{"start":{"line":557,"column":0},"end":{"line":557,"column":34}}},"67":{"name":"(anonymous_67)","line":560,"loc":{"start":{"line":560,"column":85},"end":{"line":560,"column":97}}},"68":{"name":"compress","line":569,"loc":{"start":{"line":569,"column":0},"end":{"line":569,"column":24}}},"69":{"name":"extend","line":576,"loc":{"start":{"line":576,"column":0},"end":{"line":576,"column":29}}},"70":{"name":"(anonymous_70)","line":577,"loc":{"start":{"line":577,"column":31},"end":{"line":577,"column":43}}},"71":{"name":"getTargetDir","line":583,"loc":{"start":{"line":583,"column":0},"end":{"line":583,"column":28}}},"72":{"name":"sanityCheck","line":592,"loc":{"start":{"line":592,"column":0},"end":{"line":592,"column":27}}},"73":{"name":"(anonymous_73)","line":594,"loc":{"start":{"line":594,"column":69},"end":{"line":594,"column":80}}},"74":{"name":"(anonymous_74)","line":599,"loc":{"start":{"line":599,"column":47},"end":{"line":599,"column":59}}},"75":{"name":"(anonymous_75)","line":606,"loc":{"start":{"line":606,"column":7},"end":{"line":606,"column":29}}}},"statementMap":{"1":{"start":{"line":32,"column":0},"end":{"line":32,"column":23}},"2":{"start":{"line":33,"column":0},"end":{"line":33,"column":27}},"3":{"start":{"line":34,"column":0},"end":{"line":34,"column":43}},"4":{"start":{"line":35,"column":0},"end":{"line":35,"column":45}},"5":{"start":{"line":37,"column":0},"end":{"line":37,"column":25}},"6":{"start":{"line":38,"column":0},"end":{"line":38,"column":36}},"7":{"start":{"line":39,"column":0},"end":{"line":39,"column":15}},"8":{"start":{"line":41,"column":0},"end":{"line":77,"column":1}},"9":{"start":{"line":42,"column":4},"end":{"line":44,"column":5}},"10":{"start":{"line":43,"column":8},"end":{"line":43,"column":29}},"11":{"start":{"line":45,"column":4},"end":{"line":45,"column":25}},"12":{"start":{"line":46,"column":4},"end":{"line":50,"column":23}},"13":{"start":{"line":47,"column":8},"end":{"line":48,"column":27}},"14":{"start":{"line":48,"column":12},"end":{"line":48,"column":27}},"15":{"start":{"line":49,"column":8},"end":{"line":49,"column":17}},"16":{"start":{"line":52,"column":4},"end":{"line":53,"column":23}},"17":{"start":{"line":53,"column":8},"end":{"line":53,"column":23}},"18":{"start":{"line":55,"column":4},"end":{"line":55,"column":37}},"19":{"start":{"line":56,"column":4},"end":{"line":57,"column":30}},"20":{"start":{"line":57,"column":8},"end":{"line":57,"column":30}},"21":{"start":{"line":59,"column":4},"end":{"line":76,"column":5}},"22":{"start":{"line":60,"column":8},"end":{"line":75,"column":9}},"23":{"start":{"line":61,"column":12},"end":{"line":65,"column":15}},"24":{"start":{"line":66,"column":15},"end":{"line":75,"column":9}},"25":{"start":{"line":67,"column":12},"end":{"line":67,"column":18}},"26":{"start":{"line":68,"column":15},"end":{"line":75,"column":9}},"27":{"start":{"line":69,"column":12},"end":{"line":69,"column":19}},"28":{"start":{"line":70,"column":15},"end":{"line":75,"column":9}},"29":{"start":{"line":71,"column":12},"end":{"line":71,"column":18}},"30":{"start":{"line":72,"column":12},"end":{"line":72,"column":19}},"31":{"start":{"line":73,"column":15},"end":{"line":75,"column":9}},"32":{"start":{"line":79,"column":0},"end":{"line":98,"column":1}},"33":{"start":{"line":80,"column":4},"end":{"line":80,"column":49}},"34":{"start":{"line":81,"column":4},"end":{"line":81,"column":20}},"35":{"start":{"line":82,"column":4},"end":{"line":82,"column":28}},"36":{"start":{"line":83,"column":4},"end":{"line":83,"column":120}},"37":{"start":{"line":84,"column":4},"end":{"line":84,"column":125}},"38":{"start":{"line":85,"column":4},"end":{"line":85,"column":57}},"39":{"start":{"line":86,"column":4},"end":{"line":86,"column":47}},"40":{"start":{"line":87,"column":4},"end":{"line":87,"column":35}},"41":{"start":{"line":88,"column":4},"end":{"line":88,"column":25}},"42":{"start":{"line":89,"column":4},"end":{"line":89,"column":60}},"43":{"start":{"line":90,"column":4},"end":{"line":90,"column":26}},"44":{"start":{"line":91,"column":4},"end":{"line":91,"column":56}},"45":{"start":{"line":92,"column":4},"end":{"line":92,"column":47}},"46":{"start":{"line":93,"column":4},"end":{"line":93,"column":58}},"47":{"start":{"line":94,"column":4},"end":{"line":94,"column":88}},"48":{"start":{"line":95,"column":4},"end":{"line":95,"column":20}},"49":{"start":{"line":96,"column":4},"end":{"line":97,"column":75}},"50":{"start":{"line":97,"column":8},"end":{"line":97,"column":75}},"51":{"start":{"line":100,"column":0},"end":{"line":110,"column":1}},"52":{"start":{"line":101,"column":4},"end":{"line":101,"column":64}},"53":{"start":{"line":103,"column":4},"end":{"line":103,"column":84}},"54":{"start":{"line":104,"column":4},"end":{"line":104,"column":61}},"55":{"start":{"line":105,"column":4},"end":{"line":105,"column":73}},"56":{"start":{"line":107,"column":4},"end":{"line":107,"column":35}},"57":{"start":{"line":108,"column":4},"end":{"line":109,"column":68}},"58":{"start":{"line":109,"column":8},"end":{"line":109,"column":68}},"59":{"start":{"line":112,"column":0},"end":{"line":180,"column":1}},"60":{"start":{"line":113,"column":4},"end":{"line":113,"column":44}},"61":{"start":{"line":115,"column":4},"end":{"line":115,"column":31}},"62":{"start":{"line":116,"column":4},"end":{"line":119,"column":17}},"63":{"start":{"line":117,"column":8},"end":{"line":117,"column":82}},"64":{"start":{"line":118,"column":8},"end":{"line":118,"column":65}},"65":{"start":{"line":121,"column":4},"end":{"line":131,"column":5}},"66":{"start":{"line":122,"column":8},"end":{"line":130,"column":10}},"67":{"start":{"line":133,"column":4},"end":{"line":133,"column":87}},"68":{"start":{"line":135,"column":4},"end":{"line":135,"column":99}},"69":{"start":{"line":136,"column":4},"end":{"line":136,"column":103}},"70":{"start":{"line":137,"column":4},"end":{"line":137,"column":97}},"71":{"start":{"line":139,"column":4},"end":{"line":142,"column":46}},"72":{"start":{"line":144,"column":4},"end":{"line":179,"column":7}},"73":{"start":{"line":149,"column":12},"end":{"line":150,"column":30}},"74":{"start":{"line":150,"column":16},"end":{"line":150,"column":30}},"75":{"start":{"line":151,"column":12},"end":{"line":151,"column":32}},"76":{"start":{"line":152,"column":12},"end":{"line":171,"column":15}},"77":{"start":{"line":153,"column":16},"end":{"line":153,"column":39}},"78":{"start":{"line":154,"column":16},"end":{"line":154,"column":46}},"79":{"start":{"line":155,"column":16},"end":{"line":155,"column":32}},"80":{"start":{"line":156,"column":16},"end":{"line":156,"column":75}},"81":{"start":{"line":156,"column":39},"end":{"line":156,"column":74}},"82":{"start":{"line":157,"column":16},"end":{"line":157,"column":99}},"83":{"start":{"line":157,"column":38},"end":{"line":157,"column":98}},"84":{"start":{"line":158,"column":16},"end":{"line":168,"column":19}},"85":{"start":{"line":159,"column":20},"end":{"line":159,"column":44}},"86":{"start":{"line":160,"column":20},"end":{"line":167,"column":21}},"87":{"start":{"line":161,"column":24},"end":{"line":161,"column":44}},"88":{"start":{"line":162,"column":24},"end":{"line":162,"column":38}},"89":{"start":{"line":164,"column":24},"end":{"line":164,"column":59}},"90":{"start":{"line":165,"column":24},"end":{"line":165,"column":70}},"91":{"start":{"line":166,"column":24},"end":{"line":166,"column":49}},"92":{"start":{"line":169,"column":16},"end":{"line":169,"column":40}},"93":{"start":{"line":170,"column":16},"end":{"line":170,"column":41}},"94":{"start":{"line":172,"column":12},"end":{"line":173,"column":76}},"95":{"start":{"line":173,"column":16},"end":{"line":173,"column":76}},"96":{"start":{"line":174,"column":12},"end":{"line":176,"column":15}},"97":{"start":{"line":175,"column":16},"end":{"line":175,"column":31}},"98":{"start":{"line":175,"column":32},"end":{"line":175,"column":46}},"99":{"start":{"line":177,"column":12},"end":{"line":177,"column":26}},"100":{"start":{"line":182,"column":0},"end":{"line":191,"column":1}},"101":{"start":{"line":183,"column":4},"end":{"line":183,"column":33}},"102":{"start":{"line":184,"column":4},"end":{"line":185,"column":25}},"103":{"start":{"line":185,"column":8},"end":{"line":185,"column":25}},"104":{"start":{"line":187,"column":4},"end":{"line":190,"column":23}},"105":{"start":{"line":188,"column":8},"end":{"line":189,"column":34}},"106":{"start":{"line":189,"column":12},"end":{"line":189,"column":34}},"107":{"start":{"line":193,"column":0},"end":{"line":198,"column":1}},"108":{"start":{"line":194,"column":4},"end":{"line":197,"column":43}},"109":{"start":{"line":195,"column":8},"end":{"line":196,"column":34}},"110":{"start":{"line":196,"column":12},"end":{"line":196,"column":34}},"111":{"start":{"line":197,"column":28},"end":{"line":197,"column":39}},"112":{"start":{"line":200,"column":0},"end":{"line":202,"column":1}},"113":{"start":{"line":201,"column":4},"end":{"line":201,"column":112}},"114":{"start":{"line":204,"column":0},"end":{"line":228,"column":1}},"115":{"start":{"line":206,"column":4},"end":{"line":215,"column":5}},"116":{"start":{"line":207,"column":8},"end":{"line":207,"column":34}},"117":{"start":{"line":208,"column":8},"end":{"line":214,"column":10}},"118":{"start":{"line":209,"column":12},"end":{"line":209,"column":47}},"119":{"start":{"line":209,"column":40},"end":{"line":209,"column":47}},"120":{"start":{"line":210,"column":12},"end":{"line":210,"column":52}},"121":{"start":{"line":211,"column":12},"end":{"line":211,"column":42}},"122":{"start":{"line":212,"column":12},"end":{"line":213,"column":57}},"123":{"start":{"line":213,"column":16},"end":{"line":213,"column":57}},"124":{"start":{"line":217,"column":4},"end":{"line":221,"column":8}},"125":{"start":{"line":218,"column":8},"end":{"line":218,"column":42}},"126":{"start":{"line":219,"column":8},"end":{"line":219,"column":38}},"127":{"start":{"line":220,"column":8},"end":{"line":220,"column":33}},"128":{"start":{"line":223,"column":4},"end":{"line":227,"column":5}},"129":{"start":{"line":224,"column":8},"end":{"line":224,"column":33}},"130":{"start":{"line":226,"column":8},"end":{"line":226,"column":49}},"131":{"start":{"line":230,"column":0},"end":{"line":311,"column":1}},"132":{"start":{"line":231,"column":4},"end":{"line":231,"column":61}},"133":{"start":{"line":232,"column":4},"end":{"line":232,"column":52}},"134":{"start":{"line":233,"column":4},"end":{"line":234,"column":47}},"135":{"start":{"line":234,"column":8},"end":{"line":234,"column":47}},"136":{"start":{"line":236,"column":4},"end":{"line":243,"column":6}},"137":{"start":{"line":245,"column":4},"end":{"line":294,"column":5}},"138":{"start":{"line":246,"column":8},"end":{"line":252,"column":9}},"139":{"start":{"line":247,"column":12},"end":{"line":247,"column":65}},"140":{"start":{"line":248,"column":12},"end":{"line":248,"column":40}},"141":{"start":{"line":249,"column":12},"end":{"line":251,"column":15}},"142":{"start":{"line":250,"column":16},"end":{"line":250,"column":40}},"143":{"start":{"line":254,"column":8},"end":{"line":255,"column":41}},"144":{"start":{"line":255,"column":12},"end":{"line":255,"column":41}},"145":{"start":{"line":257,"column":8},"end":{"line":257,"column":31}},"146":{"start":{"line":258,"column":8},"end":{"line":262,"column":9}},"147":{"start":{"line":259,"column":12},"end":{"line":260,"column":55}},"148":{"start":{"line":260,"column":16},"end":{"line":260,"column":55}},"149":{"start":{"line":261,"column":12},"end":{"line":261,"column":34}},"150":{"start":{"line":264,"column":8},"end":{"line":264,"column":43}},"151":{"start":{"line":266,"column":8},"end":{"line":268,"column":73}},"152":{"start":{"line":270,"column":8},"end":{"line":270,"column":25}},"153":{"start":{"line":272,"column":8},"end":{"line":272,"column":34}},"154":{"start":{"line":273,"column":8},"end":{"line":274,"column":51}},"155":{"start":{"line":274,"column":12},"end":{"line":274,"column":51}},"156":{"start":{"line":276,"column":8},"end":{"line":277,"column":40}},"157":{"start":{"line":277,"column":12},"end":{"line":277,"column":40}},"158":{"start":{"line":278,"column":8},"end":{"line":278,"column":43}},"159":{"start":{"line":279,"column":8},"end":{"line":282,"column":9}},"160":{"start":{"line":280,"column":12},"end":{"line":281,"column":66}},"161":{"start":{"line":284,"column":8},"end":{"line":284,"column":43}},"162":{"start":{"line":286,"column":8},"end":{"line":286,"column":57}},"163":{"start":{"line":286,"column":38},"end":{"line":286,"column":53}},"164":{"start":{"line":288,"column":8},"end":{"line":291,"column":26}},"165":{"start":{"line":293,"column":8},"end":{"line":293,"column":42}},"166":{"start":{"line":296,"column":4},"end":{"line":310,"column":14}},"167":{"start":{"line":313,"column":0},"end":{"line":324,"column":1}},"168":{"start":{"line":314,"column":4},"end":{"line":314,"column":37}},"169":{"start":{"line":315,"column":4},"end":{"line":319,"column":7}},"170":{"start":{"line":320,"column":4},"end":{"line":320,"column":33}},"171":{"start":{"line":321,"column":4},"end":{"line":321,"column":33}},"172":{"start":{"line":322,"column":4},"end":{"line":322,"column":23}},"173":{"start":{"line":323,"column":4},"end":{"line":323,"column":38}},"174":{"start":{"line":326,"column":0},"end":{"line":334,"column":1}},"175":{"start":{"line":327,"column":4},"end":{"line":327,"column":37}},"176":{"start":{"line":328,"column":4},"end":{"line":333,"column":7}},"177":{"start":{"line":329,"column":8},"end":{"line":329,"column":42}},"178":{"start":{"line":330,"column":8},"end":{"line":330,"column":53}},"179":{"start":{"line":331,"column":8},"end":{"line":331,"column":29}},"180":{"start":{"line":332,"column":8},"end":{"line":332,"column":42}},"181":{"start":{"line":336,"column":0},"end":{"line":403,"column":1}},"182":{"start":{"line":337,"column":4},"end":{"line":337,"column":54}},"183":{"start":{"line":338,"column":4},"end":{"line":338,"column":31}},"184":{"start":{"line":340,"column":4},"end":{"line":340,"column":56}},"185":{"start":{"line":342,"column":4},"end":{"line":347,"column":7}},"186":{"start":{"line":343,"column":8},"end":{"line":346,"column":36}},"187":{"start":{"line":349,"column":4},"end":{"line":356,"column":7}},"188":{"start":{"line":350,"column":8},"end":{"line":351,"column":33}},"189":{"start":{"line":351,"column":12},"end":{"line":351,"column":33}},"190":{"start":{"line":353,"column":8},"end":{"line":355,"column":40}},"191":{"start":{"line":358,"column":4},"end":{"line":363,"column":7}},"192":{"start":{"line":359,"column":8},"end":{"line":362,"column":38}},"193":{"start":{"line":365,"column":4},"end":{"line":370,"column":7}},"194":{"start":{"line":366,"column":8},"end":{"line":369,"column":42}},"195":{"start":{"line":372,"column":4},"end":{"line":377,"column":7}},"196":{"start":{"line":373,"column":8},"end":{"line":376,"column":35}},"197":{"start":{"line":379,"column":4},"end":{"line":390,"column":7}},"198":{"start":{"line":380,"column":8},"end":{"line":389,"column":38}},"199":{"start":{"line":392,"column":4},"end":{"line":395,"column":5}},"200":{"start":{"line":393,"column":8},"end":{"line":393,"column":45}},"201":{"start":{"line":394,"column":8},"end":{"line":394,"column":19}},"202":{"start":{"line":396,"column":4},"end":{"line":402,"column":5}},"203":{"start":{"line":397,"column":8},"end":{"line":398,"column":19}},"204":{"start":{"line":398,"column":12},"end":{"line":398,"column":19}},"205":{"start":{"line":399,"column":8},"end":{"line":400,"column":32}},"206":{"start":{"line":400,"column":12},"end":{"line":400,"column":32}},"207":{"start":{"line":401,"column":8},"end":{"line":401,"column":65}},"208":{"start":{"line":405,"column":0},"end":{"line":420,"column":1}},"209":{"start":{"line":406,"column":4},"end":{"line":410,"column":5}},"210":{"start":{"line":407,"column":8},"end":{"line":409,"column":11}},"211":{"start":{"line":408,"column":12},"end":{"line":408,"column":57}},"212":{"start":{"line":411,"column":4},"end":{"line":411,"column":35}},"213":{"start":{"line":412,"column":4},"end":{"line":416,"column":7}},"214":{"start":{"line":413,"column":8},"end":{"line":415,"column":11}},"215":{"start":{"line":414,"column":12},"end":{"line":414,"column":38}},"216":{"start":{"line":414,"column":26},"end":{"line":414,"column":38}},"217":{"start":{"line":417,"column":4},"end":{"line":417,"column":38}},"218":{"start":{"line":418,"column":4},"end":{"line":418,"column":24}},"219":{"start":{"line":419,"column":4},"end":{"line":419,"column":32}},"220":{"start":{"line":422,"column":0},"end":{"line":426,"column":1}},"221":{"start":{"line":423,"column":4},"end":{"line":424,"column":34}},"222":{"start":{"line":424,"column":8},"end":{"line":424,"column":34}},"223":{"start":{"line":425,"column":4},"end":{"line":425,"column":64}},"224":{"start":{"line":428,"column":0},"end":{"line":480,"column":1}},"225":{"start":{"line":429,"column":4},"end":{"line":429,"column":25}},"226":{"start":{"line":430,"column":4},"end":{"line":449,"column":7}},"227":{"start":{"line":431,"column":8},"end":{"line":441,"column":9}},"228":{"start":{"line":432,"column":12},"end":{"line":432,"column":24}},"229":{"start":{"line":434,"column":13},"end":{"line":441,"column":9}},"230":{"start":{"line":435,"column":12},"end":{"line":435,"column":35}},"231":{"start":{"line":436,"column":12},"end":{"line":436,"column":25}},"232":{"start":{"line":439,"column":12},"end":{"line":439,"column":66}},"233":{"start":{"line":440,"column":12},"end":{"line":440,"column":24}},"234":{"start":{"line":443,"column":8},"end":{"line":447,"column":9}},"235":{"start":{"line":444,"column":12},"end":{"line":446,"column":15}},"236":{"start":{"line":445,"column":16},"end":{"line":445,"column":48}},"237":{"start":{"line":448,"column":8},"end":{"line":448,"column":19}},"238":{"start":{"line":451,"column":4},"end":{"line":467,"column":5}},"239":{"start":{"line":452,"column":8},"end":{"line":466,"column":11}},"240":{"start":{"line":453,"column":12},"end":{"line":465,"column":13}},"241":{"start":{"line":454,"column":16},"end":{"line":454,"column":24}},"242":{"start":{"line":455,"column":16},"end":{"line":460,"column":19}},"243":{"start":{"line":456,"column":20},"end":{"line":459,"column":21}},"244":{"start":{"line":457,"column":24},"end":{"line":457,"column":32}},"245":{"start":{"line":458,"column":24},"end":{"line":458,"column":36}},"246":{"star
[...]
ne":238,"column":1}},"133":{"start":{"line":233,"column":4},"end":{"line":237,"column":7}},"134":{"start":{"line":234,"column":8},"end":{"line":235,"column":47}},"135":{"start":{"line":235,"column":12},"end":{"line":235,"column":47}},"136":{"start":{"line":236,"column":8},"end":{"line":236,"column":90}},"137":{"start":{"line":240,"column":0},"end":{"line":247,"column":1}},"138":{"start":{"line":241,"column":4},"end":{"line":242,"column":32}},"139":{"start":{"line":242,"column":8},"end":{"line":242,"column":32}},"140":{"start":{"line":244,"column":4},"end":{"line":246,"column":7}},"141":{"start":{"line":245,"column":8},"end":{"line":245,"column":66}}},"branchMap":{"1":{"line":57,"type":"if","locations":[{"start":{"line":57,"column":4},"end":{"line":57,"column":4}},{"start":{"line":57,"column":4},"end":{"line":57,"column":4}}]},"2":{"line":104,"type":"if","locations":[{"start":{"line":104,"column":8},"end":{"line":104,"column":8}},{"start":{"line":104,"column":8},"end":{"line":104,"column":8}}]},"3":{"line":137,"type":"if","locations":[{"start":{"line":137,"column":4},"end":{"line":137,"column":4}},{"start":{"line":137,"column":4},"end":{"line":137,"column":4}}]},"4":{"line":146,"type":"if","locations":[{"start":{"line":146,"column":4},"end":{"line":146,"column":4}},{"start":{"line":146,"column":4},"end":{"line":146,"column":4}}]},"5":{"line":146,"type":"binary-expr","locations":[{"start":{"line":146,"column":8},"end":{"line":146,"column":20}},{"start":{"line":146,"column":24},"end":{"line":146,"column":35}}]},"6":{"line":149,"type":"if","locations":[{"start":{"line":149,"column":4},"end":{"line":149,"column":4}},{"start":{"line":149,"column":4},"end":{"line":149,"column":4}}]},"7":{"line":150,"type":"if","locations":[{"start":{"line":150,"column":8},"end":{"line":150,"column":8}},{"start":{"line":150,"column":8},"end":{"line":150,"column":8}}]},"8":{"line":153,"type":"binary-expr","locations":[{"start":{"line":153,"column":8},"end":{"line":153,"column":20}},{"start":{"line":153,"column":24},"end":{"line":153,"column":71}}]},"9":{"line":153,"type":"cond-expr","locations":[{"start":{"line":153,"column":65},"end":{"line":153,"column":66}},{"start":{"line":153,"column":69},"end":{"line":153,"column":70}}]},"10":{"line":156,"type":"if","locations":[{"start":{"line":156,"column":8},"end":{"line":156,"column":8}},{"start":{"line":156,"column":8},"end":{"line":156,"column":8}}]},"11":{"line":159,"type":"binary-expr","locations":[{"start":{"line":159,"column":8},"end":{"line":159,"column":20}},{"start":{"line":159,"column":24},"end":{"line":159,"column":61}}]},"12":{"line":164,"type":"if","locations":[{"start":{"line":164,"column":4},"end":{"line":164,"column":4}},{"start":{"line":164,"column":4},"end":{"line":164,"column":4}}]},"13":{"line":172,"type":"if","locations":[{"start":{"line":172,"column":4},"end":{"line":172,"column":4}},{"start":{"line":172,"column":4},"end":{"line":172,"column":4}}]},"14":{"line":174,"type":"if","locations":[{"start":{"line":174,"column":9},"end":{"line":174,"column":9}},{"start":{"line":174,"column":9},"end":{"line":174,"column":9}}]},"15":{"line":174,"type":"binary-expr","locations":[{"start":{"line":174,"column":13},"end":{"line":174,"column":25}},{"start":{"line":174,"column":29},"end":{"line":174,"column":53}}]},"16":{"line":182,"type":"binary-expr","locations":[{"start":{"line":182,"column":4},"end":{"line":182,"column":10}},{"start":{"line":182,"column":14},"end":{"line":182,"column":23}}]},"17":{"line":187,"type":"if","locations":[{"start":{"line":187,"column":4},"end":{"line":187,"column":4}},{"start":{"line":187,"column":4},"end":{"line":187,"column":4}}]},"18":{"line":194,"type":"if","locations":[{"start":{"line":194,"column":4},"end":{"line":194,"column":4}},{"start":{"line":194,"column":4},"end":{"line":194,"column":4}}]},"19":{"line":196,"type":"if","locations":[{"start":{"line":196,"column":9},"end":{"line":196,"column":9}},{"start":{"line":196,"column":9},"end":{"line":196,"column":9}}]},"20":{"line":196,"type":"binary-expr","locations":[{"start":{"line":196,"column":13},"end":{"line":196,"column":25}},{"start":{"line":196,"column":29},"end":{"line":196,"column":53}}]},"21":{"line":205,"type":"binary-expr","locations":[{"start":{"line":205,"column":4},"end":{"line":205,"column":10}},{"start":{"line":205,"column":14},"end":{"line":205,"column":24}}]},"22":{"line":209,"type":"if","locations":[{"start":{"line":209,"column":4},"end":{"line":209,"column":4}},{"start":{"line":209,"column":4},"end":{"line":209,"column":4}}]},"23":{"line":219,"type":"if","locations":[{"start":{"line":219,"column":4},"end":{"line":219,"column":4}},{"start":{"line":219,"column":4},"end":{"line":219,"column":4}}]},"24":{"line":221,"type":"if","locations":[{"start":{"line":221,"column":11},"end":{"line":221,"column":11}},{"start":{"line":221,"column":11},"end":{"line":221,"column":11}}]},"25":{"line":234,"type":"if","locations":[{"start":{"line":234,"column":8},"end":{"line":234,"column":8}},{"start":{"line":234,"column":8},"end":{"line":234,"column":8}}]},"26":{"line":236,"type":"binary-expr","locations":[{"start":{"line":236,"column":37},"end":{"line":236,"column":47}},{"start":{"line":236,"column":51},"end":{"line":236,"column":60}}]},"27":{"line":236,"type":"binary-expr","locations":[{"start":{"line":236,"column":63},"end":{"line":236,"column":75}},{"start":{"line":236,"column":79},"end":{"line":236,"column":88}}]},"28":{"line":241,"type":"if","locations":[{"start":{"line":241,"column":4},"end":{"line":241,"column":4}},{"start":{"line":241,"column":4},"end":{"line":241,"column":4}}]}},"code":["/* ***** BEGIN LICENSE BLOCK *****"," * Distributed under the BSD license:"," *"," * Copyright (c) 2010, Ajax.org B.V."," * All rights reserved."," *"," * Redistribution and use in source and binary forms, with or without"," * modification, are permitted provided that the following conditions are met:"," *     * Redistributions of source code must retain the above copyright"," *       notice, this list of conditions and the following disclaimer."," *     * Redistributions in binary form must reproduce the above copyright"," *       notice, this list of conditions and the following disclaimer in the"," *       documentation and/or other materials provided with the distribution."," *     * Neither the name of Ajax.org B.V. nor the"," *       names of its contributors may be used to endorse or promote products"," *       derived from this software without specific prior written permission."," *"," * THIS SOFTWARE IS PROVIDED BY THE COPYRIGHT HOLDERS AND CONTRIBUTORS \"AS IS\" AND"," * ANY EXPRESS OR IMPLIED WARRANTIES, INCLUDING, BUT NOT LIMITED TO, THE IMPLIED"," * WARRANTIES OF MERCHANTABILITY AND FITNESS FOR A PARTICULAR PURPOSE ARE"," * DISCLAIMED. IN NO EVENT SHALL AJAX.ORG B.V. BE LIABLE FOR ANY"," * DIRECT, INDIRECT, INCIDENTAL, SPECIAL, EXEMPLARY, OR CONSEQUENTIAL DAMAGES"," * (INCLUDING, BUT NOT LIMITED TO, PROCUREMENT OF SUBSTITUTE GOODS OR SERVICES;"," * LOSS OF USE, DATA, OR PROFITS; OR BUSINESS INTERRUPTION) HOWEVER CAUSED AND"," * ON ANY THEORY OF LIABILITY, WHETHER IN CONTRACT, STRICT LIABILITY, OR TORT"," * (INCLUDING NEGLIGENCE OR OTHERWISE) ARISING IN ANY WAY OUT OF THE USE OF THIS"," * SOFTWARE, EVEN IF ADVISED OF THE POSSIBILITY OF SUCH DAMAGE."," *"," * ***** END LICENSE BLOCK ***** */","","define(function(require, exports, module) {","\"use strict\";","","var dom = require(\"ace/lib/dom\");","var event = require(\"ace/lib/event\");","","var EditSession = require(\"ace/edit_session\").EditSession;","var UndoManager = require(\"ace/undomanager\").UndoManager;","var Renderer = require(\"ace/virtual_renderer\").VirtualRenderer;","var Editor = require(\"ace/editor\").Editor;","var MultiSelect = require(\"ace/multi_select\").MultiSelect;","","var urlOptions = {}","try {","    window.location.search.slice(1).split(/[&]/).forEach(function(e) {","        var parts = e.split(\"=\");","        urlOptions[decodeURIComponent(parts[0])] = decodeURIComponent(parts[1]);","    });","} catch(e) {","    console.error(e);","}","exports.createEditor = function(el) {","    return new Editor(new Renderer(el));","};","","exports.createSplitEditor = function(el) {","    if (typeof(el) == \"string\")","        el = document.getElementById(el);","","    var e0 = document.createElement(\"div\");","    var s = document.createElement(\"splitter\");","    var e1 = document.createElement(\"div\");","    el.appendChild(e0);","    el.appendChild(e1);","    el.appendChild(s);","    e0.style.position = e1.style.position = s.style.position = \"absolute\";","    el.style.position = \"relative\";","    var split = {$container: el};","","    split.editor0 = split[0] = new Editor(new Renderer(e0));","    split.editor1 = split[1] = new Editor(new Renderer(e1));","    split.splitter = s;","","    s.ratio = 0.5;","","    split.resize = function resize(){","        var height = el.parentNode.clientHeight - el.offsetTop;","        var total = el.clientWidth;","        var w1 = total * s.ratio;","        var w2 = total * (1- s.ratio);","        s.style.left = w1 - 1 + \"px\";","        s.style.height = el.style.height = height + \"px\";","","        var st0 = split[0].container.style;","        var st1 = split[1].container.style;","        st0.width = w1 + \"px\";","        st1.width = w2 + \"px\";","        st0.left = 0 + \"px\";","        st1.left = w1 + \"px\";","","        st0.top = st1.top = \"0px\";","        st0.height = st1.height = height + \"px\";","","        split[0].resize();","        split[1].resize();","    };","","    split.onMouseDown = function(e) {","        var rect = el.getBoundingClientRect();","        var x = e.clientX;","        var y = e.clientY;","","        var button = e.button;","        if (button !== 0) {","            return;","        }","","        var onMouseMove = function(e) {","            x = e.clientX;","            y = e.clientY;","        };","        var onResizeEnd = function(e) {","            clearInterval(timerId);","        };","","        var onResizeInterval = function() {","            s.ratio = (x - rect.left) / rect.width;","            split.resize();","        };","","        event.capture(s, onMouseMove, onResizeEnd);","        var timerId = setInterval(onResizeInterval, 40);","","        return e.preventDefault();","    };","","","","    event.addListener(s, \"mousedown\", split.onMouseDown);","    event.addListener(window, \"resize\", split.resize);","    split.resize();","    return split;","};","","/***************************/","exports.stripLeadingComments = function(str) {","    if(str.slice(0,2)=='/*') {","        var j = str.indexOf('*/')+2;","        str = str.substr(j);","    }","    return str.trim() + \"\\n\";","};","","/***************************/","exports.saveOption = function(el, val) {","    if (!el.onchange && !el.onclick)","        return;","","    if (\"checked\" in el) {","        if (val !== undefined)","            el.checked = val;","","        localStorage && localStorage.setItem(el.id, el.checked ? 1 : 0);","    }","    else {","        if (val !== undefined)","            el.value = val;","","        localStorage && localStorage.setItem(el.id, el.value);","    }","};","","exports.bindCheckbox = function(id, callback, noInit) {","    if (typeof id == \"string\")","        var el = document.getElementById(id);","    else {","        var el = id;","        id = el.id;","    }","    var el = document.getElementById(id);","    ","    if (urlOptions[id])","        el.checked = urlOptions[id] == \"1\";","    else if (localStorage && localStorage.getItem(id))","        el.checked = localStorage.getItem(id) == \"1\";","","    var onCheck = function() {","        callback(!!el.checked);","        exports.saveOption(el);","    };","    el.onclick = onCheck;","    noInit || onCheck();","    return el;","};","","exports.bindDropdown = function(id, callback, noInit) {","    if (typeof id == \"string\")","        var el = document.getElementById(id);","    else {","        var el = id;","        id = el.id;","    }","    ","    if (urlOptions[id])","        el.value = urlOptions[id];","    else if (localStorage && localStorage.getItem(id))","        el.value = localStorage.getItem(id);","","    var onChange = function() {","        callback(el.value);","        exports.saveOption(el);","    };","","    el.onchange = onChange;","    noInit || onChange();","};","","exports.fillDropdown = function(el, values) {","    if (typeof el == \"string\")","        el = document.getElementById(el);","","    dropdown(values).forEach(function(e) {","        el.appendChild(e);","    });","};","","function elt(tag, attributes, content) {","    var el = dom.createElement(tag);","    if (typeof content == \"string\") {","        el.appendChild(document.createTextNode(content));","    } else if (content) {","        content.forEach(function(ch) {","            el.appendChild(ch);","        });","    }","","    for (var i in attributes)","        el.setAttribute(i, attributes[i]);","    return el;","}","","function optgroup(values) {","    return values.map(function(item) {","        if (typeof item == \"string\")","            item = {name: item, caption: item};","        return elt(\"option\", {value: item.value || item.name}, item.caption || item.desc);","    });","}","","function dropdown(values) {","    if (Array.isArray(values))","        return optgroup(values);","","    return Object.keys(values).map(function(i) {","        return elt(\"optgroup\", {\"label\": i}, optgroup(values[i]));","    });","}","","","});",""],"l":{"31":2,"34":0,"35":0,"37":0,"38":0,"39":0,"40":0,"41":0,"43":0,"44":0,"45":0,"46":0,"47":0,"50":0,"52":0,"53":0,"56":0,"57":0,"58":0,"60":0,"61":0,"62":0,"63":0,"64":0,"65":0,"66":0,"67":0,"68":0,"70":0,"71":0,"72":0,"74":0,"76":0,"77":0,"78":0,"79":0,"80":0,"81":0,"82":0,"84":0,"85":0,"86":0,"87":0,"88":0,"89":0,"91":0,"92":0,"94":0,"95":0,"98":0,"99":0,"100":0,"101":0,"103":0,"104":0,"105":0,"108":0,"109":0,"110":0,"112":0,"113":0,"116":0,"117":0,"118":0,"121":0,"122":0,"124":0,"129":0,"130":0,"131":0,"132":0,"136":0,"137":0,"138":0,"139":0,"141":0,"145":0,"146":0,"147":0,"149":0,"150":0,"151":0,"153":0,"156":0,"157":0,"159":0,"163":0,"164":0,"165":0,"167":0,"168":0,"170":0,"172":0,"173":0,"174":0,"175":0,"177":0,"178":0,"179":0,"181":0,"182":0,"183":0,"186":0,"187":0,"188":0,"190":0,"191":0,"194":0,"195":0,"196":0,"197":0,"199":0,"200":0,"201":0,"204":0,"205":0,"208":0,"209":0,"210":0,"212":0,"213":0,"217":1,"218":0,"219":0,"220":0,"221":0,"222":0,"223":0,"227":0,"228":0,"229":0,"232":1,"233":0,"234":0,"235":0,"236":0,"240":1,"241":0,"242":0,"244":0,"245":0}},"/home/travis/build/npmtest/node-npmtest-ace-code-editor/node_modules/ace-code-editor/demo/static-highlighter/server.js":{"path":"/home/travis/build/npmtest/node-npmtest-ace-code-editor/node_modules/ace-code-editor/demo/static-highlighter/server.js","s":{"1":2,"2":0,"3":0,"4":0,"5":0,"6":0,"7":0,"8":0,"9":0,"10":0,"11":0,"12":0,"13":0,"14":0,"15":0,"16":0,"17":0,"18":0,"19":0,"20":0,"21":0,"22":0},"b":{"1":[0,0],"2":[0,0],"3":[0,0]},"f":{"1":0,"2":0},"fnMap":{"1":{"name":"(anonymous_1)","line":20,"loc":{"start":{"line":20,"column":18},"end":{"line":20,"column":37}}},"2":{"name":"(anonymous_2)","line":28,"loc":{"start":{"line":28,"column":30},"end":{"line":28,"column":50}}}},"statementMap":{"1":{"start":{"line":7,"column":0},"end":{"line":7,"column":22}},"2":{"start":{"line":9,"column":0},"end":{"line":9,"column":27}},"3":{"start":{"line":10,"column":0},"end":{"line":10,"column":23}},"4":{"start":{"line":11,"column":0},"end":{"line":11,"column":38}},"5":{"start":{"line":14,"column":0},"end":{"line":14,"column":64}},"6":{"start":{"line":15,"column":0},"end":{"line":15,"column":67}},"7":{"start":{"line":16,"column":0},"end":{"line":16,"column":52}},"8":{"start":{"line":18,"column":0},"end":{"line":18,"column":36}},"9":{"start":{"line":20,"column":0},"end":{"line":40,"column":16}},"10":{"start":{"line":21,"column":4},"end":{"line":21,"column":22}},"11":{"start":{"line":22,"column":4},"end":{"line":22,"column":41}},"12":{"start":{"line":23,"column":4},"end":{"line":23,"column":66}},"13":{"start":{"line":24,"column":4},"end":{"line":24,"column":58}},"14":{"start":{"line":25,"column":4},"end":{"line":26,"column":26}},"15":{"start":{"line":26,"column":8},"end":{"line":26,"column":26}},"16":{"start":{"line":27,"column":4},"end":{"line":27,"column":69}},"17":{"start":{"line":28,"column":4},"end":{"line":39,"column":7}},"18":{"start":{"line":29,"column":8},"end":{"line":29,"column":36}},"19":{"start":{"line":29,"column":17},"end":{"line":29,"column":36}},"20":{"start":{"line":30,"column":8},"end":{"line":30,"column":80}},"21":{"start":{"line":31,"column":8},"end":{"line":38,"column":10}},"22":{"start":{"line":42,"column":0},"end":{"line":42,"column":41}}},"branchMap":{"1":{"line":18,"type":"binary-expr","locations":[{"start":{"line":18,"column":11},"end":{"line":18,"column":27}},{"start":{"line":18,"column":31},"end":{"line":18,"column":35}}]},"2":{"line":25,"type":"if","locations":[{"start":{"line":25,"column":4},"end":{"line":25,"column":4}},{"start":{"line":25,"column":4},"end":{"line":25,"column":4}}]},"3":{"line":29,"type":"if","locations":[{"start":{"line":29,"column":8},"end":{"line":29,"column":8}},{"start":{"line":29,"column":8},"end":{"line":29,"column":8}}]}},"code":["/**"," * Simple node.js server, which generates the synax highlighted version of itself "," * using the Ace modes and themes on the server and serving a static web page."," */","","// include ace search path and modules","require(\"amd-loader\");","","var http = require(\"http\");","var fs = require(\"fs\");","var resolve = require(\"path\").resolve;","","// load the highlighter and the desired mode and theme","var highlighter = require(\"../../lib/ace/ext/static_highlight\");","var JavaScriptMode = require(\"../../lib/ace/mode/javascript\").Mode;","var theme = require(\"../../lib/ace/theme/twilight\");","","var port = process.env.PORT || 2222;","","http.createServer(function(req, res) {","    var url = req.url;","    var path = /[^#?\\x00]*/.exec(url)[0];","    var root = resolve(__dirname + \"/../../\").replace(/\\\\/g, \"/\");","    path = resolve(root + \"/\" + path).replace(/\\\\/g, \"/\");","    if (path.indexOf(root + \"/\") != 0)","        path = __filename;","    res.writeHead(200, {\"Content-Type\": \"text/html; charset=utf-8\"});","    fs.readFile(path, \"utf8\", function(err, data) {","        if (err) data = err.message;","        var highlighted = highlighter.render(data, new JavaScriptMode(), theme);","        res.end(","            '<html><body>\\n' +","                '<style type=\"text/css\" media=\"screen\">\\n' +","                    highlighted.css +","                '</style>\\n' + ","                highlighted.html +","            '</body></html>'","        );","    });","}).listen(port);","","console.log(\"Listening on port \" + port);"],"l":{"7":2,"9":0,"10":0,"11":0,"14":0,"15":0,"16":0,"18":0,"20":0,"21":0,"22":0,"23":0,"24":0,"25":0,"26":0,"27":0,"28":0,"29":0,"30":0,"31":0,"42":0}},"/home/travis/build/npmtest/node-npmtest-ace-code-editor/node_modules/ace-code-editor/tool/templates/snippets.js":{"path":"/home/travis/build/npmtest/node-npmtest-ace-code-editor/node_modules/ace-code-editor/tool/templates/snippets.js","s":{"1":2,"2":0,"3":0},"b":{},"f":{"1":0},"fnMap":{"1":{"name":"(anonymous_1)","line":1,"loc":{"start":{"line":1,"column":7},"end":{"line":1,"column":42}}}},"statementMap":{"1":{"start":{"line":1,"column":0},"end":{"line":7,"column":3}},"2":{"start":{"line":4,"column":0},"end":{"line":4,"column":73}},"3":{"start":{"line":5,"column":0},"end":{"line":5,"column":29}}},"branchMap":{},"code":["define(function(require, exports, module) {","\"use strict\";","","exports.snippetText = require(\"../requirejs/text!./%modeName%.snippets\");","exports.scope = \"%modeName%\";","","});",""],"l":{"1":2,"4":0,"5":0}}}